2023-08-06 22:13:47,307 - INFO - allennlp.common.params - random_seed = 13370
2023-08-06 22:13:47,307 - INFO - allennlp.common.params - numpy_seed = 1337
2023-08-06 22:13:47,307 - INFO - allennlp.common.params - pytorch_seed = 133
2023-08-06 22:13:47,312 - INFO - allennlp.common.checks - Pytorch version: 1.11.0+cu102
2023-08-06 22:13:47,312 - INFO - allennlp.common.params - type = default
2023-08-06 22:13:47,312 - INFO - allennlp.common.params - dataset_reader.type = classification-tsv
2023-08-06 22:13:47,313 - INFO - allennlp.common.params - dataset_reader.max_instances = None
2023-08-06 22:13:47,313 - INFO - allennlp.common.params - dataset_reader.manual_distributed_sharding = False
2023-08-06 22:13:47,313 - INFO - allennlp.common.params - dataset_reader.manual_multiprocess_sharding = False
2023-08-06 22:13:47,313 - INFO - allennlp.common.params - dataset_reader.tokenizer = None
2023-08-06 22:13:47,313 - INFO - allennlp.common.params - dataset_reader.token_indexers.tokens.type = single_id
2023-08-06 22:13:47,313 - INFO - allennlp.common.params - dataset_reader.token_indexers.tokens.namespace = tokens
2023-08-06 22:13:47,313 - INFO - allennlp.common.params - dataset_reader.token_indexers.tokens.lowercase_tokens = False
2023-08-06 22:13:47,313 - INFO - allennlp.common.params - dataset_reader.token_indexers.tokens.start_tokens = None
2023-08-06 22:13:47,313 - INFO - allennlp.common.params - dataset_reader.token_indexers.tokens.end_tokens = None
2023-08-06 22:13:47,313 - INFO - allennlp.common.params - dataset_reader.token_indexers.tokens.feature_name = text
2023-08-06 22:13:47,313 - INFO - allennlp.common.params - dataset_reader.token_indexers.tokens.default_value = THIS IS A REALLY UNLIKELY VALUE THAT HAS TO BE A STRING
2023-08-06 22:13:47,313 - INFO - allennlp.common.params - dataset_reader.token_indexers.tokens.token_min_padding_length = 0
2023-08-06 22:13:47,313 - INFO - allennlp.common.params - dataset_reader.max_tokens = None
2023-08-06 22:13:47,313 - INFO - allennlp.common.params - train_data_path = data/train_5.tsv
2023-08-06 22:13:47,314 - INFO - allennlp.common.params - vocabulary = <allennlp.common.lazy.Lazy object at 0x7fdc8b53ee90>
2023-08-06 22:13:47,314 - INFO - allennlp.common.params - datasets_for_vocab_creation = None
2023-08-06 22:13:47,314 - INFO - allennlp.common.params - validation_dataset_reader = None
2023-08-06 22:13:47,314 - INFO - allennlp.common.params - validation_data_path = data/dev_5.tsv
2023-08-06 22:13:47,314 - INFO - allennlp.common.params - validation_data_loader = None
2023-08-06 22:13:47,314 - INFO - allennlp.common.params - test_data_path = None
2023-08-06 22:13:47,314 - INFO - allennlp.common.params - evaluate_on_test = False
2023-08-06 22:13:47,314 - INFO - allennlp.common.params - batch_weight_key = 
2023-08-06 22:13:47,314 - INFO - allennlp.common.params - data_loader.type = multiprocess
2023-08-06 22:13:47,314 - INFO - allennlp.common.params - data_loader.batch_size = 8
2023-08-06 22:13:47,314 - INFO - allennlp.common.params - data_loader.drop_last = False
2023-08-06 22:13:47,315 - INFO - allennlp.common.params - data_loader.shuffle = True
2023-08-06 22:13:47,315 - INFO - allennlp.common.params - data_loader.batch_sampler = None
2023-08-06 22:13:47,315 - INFO - allennlp.common.params - data_loader.batches_per_epoch = None
2023-08-06 22:13:47,315 - INFO - allennlp.common.params - data_loader.num_workers = 0
2023-08-06 22:13:47,315 - INFO - allennlp.common.params - data_loader.max_instances_in_memory = None
2023-08-06 22:13:47,315 - INFO - allennlp.common.params - data_loader.start_method = fork
2023-08-06 22:13:47,315 - INFO - allennlp.common.params - data_loader.cuda_device = None
2023-08-06 22:13:47,315 - INFO - allennlp.common.params - data_loader.quiet = False
2023-08-06 22:13:47,315 - INFO - allennlp.common.params - data_loader.collate_fn = <allennlp.data.data_loaders.data_collator.DefaultDataCollator object at 0x7fdca63e8ed0>
2023-08-06 22:13:47,315 - INFO - tqdm - loading instances: 0it [00:00, ?it/s]
2023-08-06 22:13:47,743 - INFO - allennlp.common.params - data_loader.type = multiprocess
2023-08-06 22:13:47,744 - INFO - allennlp.common.params - data_loader.batch_size = 8
2023-08-06 22:13:47,744 - INFO - allennlp.common.params - data_loader.drop_last = False
2023-08-06 22:13:47,744 - INFO - allennlp.common.params - data_loader.shuffle = True
2023-08-06 22:13:47,744 - INFO - allennlp.common.params - data_loader.batch_sampler = None
2023-08-06 22:13:47,744 - INFO - allennlp.common.params - data_loader.batches_per_epoch = None
2023-08-06 22:13:47,744 - INFO - allennlp.common.params - data_loader.num_workers = 0
2023-08-06 22:13:47,744 - INFO - allennlp.common.params - data_loader.max_instances_in_memory = None
2023-08-06 22:13:47,744 - INFO - allennlp.common.params - data_loader.start_method = fork
2023-08-06 22:13:47,744 - INFO - allennlp.common.params - data_loader.cuda_device = None
2023-08-06 22:13:47,744 - INFO - allennlp.common.params - data_loader.quiet = False
2023-08-06 22:13:47,744 - INFO - allennlp.common.params - data_loader.collate_fn = <allennlp.data.data_loaders.data_collator.DefaultDataCollator object at 0x7fdca63e8ed0>
2023-08-06 22:13:47,744 - INFO - tqdm - loading instances: 0it [00:00, ?it/s]
2023-08-06 22:13:47,901 - INFO - allennlp.common.params - type = from_instances
2023-08-06 22:13:47,902 - INFO - allennlp.common.params - min_count = None
2023-08-06 22:13:47,902 - INFO - allennlp.common.params - max_vocab_size = None
2023-08-06 22:13:47,902 - INFO - allennlp.common.params - non_padded_namespaces = ('*tags', '*labels')
2023-08-06 22:13:47,902 - INFO - allennlp.common.params - pretrained_files = None
2023-08-06 22:13:47,902 - INFO - allennlp.common.params - only_include_pretrained_words = False
2023-08-06 22:13:47,902 - INFO - allennlp.common.params - tokens_to_add = None
2023-08-06 22:13:47,902 - INFO - allennlp.common.params - min_pretrained_embeddings = None
2023-08-06 22:13:47,902 - INFO - allennlp.common.params - padding_token = @@PADDING@@
2023-08-06 22:13:47,902 - INFO - allennlp.common.params - oov_token = @@UNKNOWN@@
2023-08-06 22:13:47,902 - INFO - allennlp.data.vocabulary - Fitting token dictionary from dataset.
2023-08-06 22:13:47,902 - INFO - tqdm - building vocab: 0it [00:00, ?it/s]
2023-08-06 22:13:48,079 - INFO - allennlp.common.params - model.type = simple_classifier
2023-08-06 22:13:48,079 - INFO - allennlp.common.params - model.embedder.type = basic
2023-08-06 22:13:48,079 - INFO - allennlp.common.params - model.embedder.token_embedders.tokens.type = embedding
2023-08-06 22:13:48,079 - INFO - allennlp.common.params - model.embedder.token_embedders.tokens.embedding_dim = 10
2023-08-06 22:13:48,079 - INFO - allennlp.common.params - model.embedder.token_embedders.tokens.num_embeddings = None
2023-08-06 22:13:48,079 - INFO - allennlp.common.params - model.embedder.token_embedders.tokens.projection_dim = None
2023-08-06 22:13:48,079 - INFO - allennlp.common.params - model.embedder.token_embedders.tokens.weight = None
2023-08-06 22:13:48,079 - INFO - allennlp.common.params - model.embedder.token_embedders.tokens.padding_index = None
2023-08-06 22:13:48,080 - INFO - allennlp.common.params - model.embedder.token_embedders.tokens.trainable = True
2023-08-06 22:13:48,080 - INFO - allennlp.common.params - model.embedder.token_embedders.tokens.max_norm = None
2023-08-06 22:13:48,080 - INFO - allennlp.common.params - model.embedder.token_embedders.tokens.norm_type = 2.0
2023-08-06 22:13:48,080 - INFO - allennlp.common.params - model.embedder.token_embedders.tokens.scale_grad_by_freq = False
2023-08-06 22:13:48,080 - INFO - allennlp.common.params - model.embedder.token_embedders.tokens.sparse = False
2023-08-06 22:13:48,080 - INFO - allennlp.common.params - model.embedder.token_embedders.tokens.vocab_namespace = tokens
2023-08-06 22:13:48,080 - INFO - allennlp.common.params - model.embedder.token_embedders.tokens.pretrained_file = None
2023-08-06 22:13:48,086 - INFO - allennlp.common.params - model.encoder.type = bag_of_embeddings
2023-08-06 22:13:48,086 - INFO - allennlp.common.params - model.encoder.embedding_dim = 10
2023-08-06 22:13:48,086 - INFO - allennlp.common.params - model.encoder.averaged = False
2023-08-06 22:13:48,292 - INFO - allennlp.common.params - trainer.type = gradient_descent
2023-08-06 22:13:48,292 - INFO - allennlp.common.params - trainer.cuda_device = None
2023-08-06 22:13:48,292 - INFO - allennlp.common.params - trainer.distributed = False
2023-08-06 22:13:48,292 - INFO - allennlp.common.params - trainer.world_size = 1
2023-08-06 22:13:48,292 - INFO - allennlp.common.params - trainer.patience = None
2023-08-06 22:13:48,292 - INFO - allennlp.common.params - trainer.validation_metric = -loss
2023-08-06 22:13:48,292 - INFO - allennlp.common.params - trainer.num_epochs = 20
2023-08-06 22:13:48,292 - INFO - allennlp.common.params - trainer.grad_norm = False
2023-08-06 22:13:48,292 - INFO - allennlp.common.params - trainer.grad_clipping = None
2023-08-06 22:13:48,292 - INFO - allennlp.common.params - trainer.num_gradient_accumulation_steps = 1
2023-08-06 22:13:48,292 - INFO - allennlp.common.params - trainer.use_amp = False
2023-08-06 22:13:48,293 - INFO - allennlp.common.params - trainer.no_grad = None
2023-08-06 22:13:48,293 - INFO - allennlp.common.params - trainer.optimizer = adam
2023-08-06 22:13:48,293 - INFO - allennlp.common.params - trainer.learning_rate_scheduler = None
2023-08-06 22:13:48,293 - INFO - allennlp.common.params - trainer.momentum_scheduler = None
2023-08-06 22:13:48,293 - INFO - allennlp.common.params - trainer.moving_average = None
2023-08-06 22:13:48,293 - INFO - allennlp.common.params - trainer.checkpointer = <allennlp.common.lazy.Lazy object at 0x7fdc8b57e6d0>
2023-08-06 22:13:48,293 - INFO - allennlp.common.params - trainer.callbacks = None
2023-08-06 22:13:48,293 - INFO - allennlp.common.params - trainer.enable_default_callbacks = True
2023-08-06 22:13:48,293 - INFO - allennlp.common.params - trainer.run_confidence_checks = True
2023-08-06 22:13:48,293 - INFO - allennlp.common.params - trainer.grad_scaling = True
2023-08-06 22:13:48,293 - INFO - allennlp.common.params - type = adam
2023-08-06 22:13:48,293 - INFO - allennlp.common.params - parameter_groups = None
2023-08-06 22:13:48,293 - INFO - allennlp.common.params - lr = 0.001
2023-08-06 22:13:48,293 - INFO - allennlp.common.params - betas = (0.9, 0.999)
2023-08-06 22:13:48,293 - INFO - allennlp.common.params - eps = 1e-08
2023-08-06 22:13:48,294 - INFO - allennlp.common.params - weight_decay = 0.0
2023-08-06 22:13:48,294 - INFO - allennlp.common.params - amsgrad = False
2023-08-06 22:13:48,294 - INFO - allennlp.training.optimizers - Number of trainable parameters: 297222
2023-08-06 22:13:48,294 - INFO - allennlp.common.util - The following parameters are Frozen (without gradient):
2023-08-06 22:13:48,294 - INFO - allennlp.common.util - The following parameters are Tunable (with gradient):
2023-08-06 22:13:48,294 - INFO - allennlp.common.util - embedder.token_embedder_tokens.weight
2023-08-06 22:13:48,294 - INFO - allennlp.common.util - classifier.weight
2023-08-06 22:13:48,294 - INFO - allennlp.common.util - classifier.bias
2023-08-06 22:13:48,294 - INFO - allennlp.common.params - type = default
2023-08-06 22:13:48,294 - INFO - allennlp.common.params - save_completed_epochs = True
2023-08-06 22:13:48,294 - INFO - allennlp.common.params - save_every_num_seconds = None
2023-08-06 22:13:48,294 - INFO - allennlp.common.params - save_every_num_batches = None
2023-08-06 22:13:48,294 - INFO - allennlp.common.params - keep_most_recent_by_count = 2
2023-08-06 22:13:48,294 - INFO - allennlp.common.params - keep_most_recent_by_age = None
2023-08-06 22:13:48,295 - WARNING - allennlp.training.gradient_descent_trainer - You provided a validation dataset but patience was set to None, meaning that early stopping is disabled
2023-08-06 22:13:48,295 - INFO - allennlp.training.gradient_descent_trainer - Beginning training.
2023-08-06 22:13:48,295 - INFO - allennlp.training.gradient_descent_trainer - Epoch 0/19
2023-08-06 22:13:48,295 - INFO - allennlp.training.gradient_descent_trainer - Worker 0 memory usage: 476M
2023-08-06 22:13:48,295 - INFO - allennlp.training.gradient_descent_trainer - Training
2023-08-06 22:13:48,295 - INFO - tqdm - 0%|          | 0/120 [00:00<?, ?it/s]
2023-08-06 22:13:48,343 - INFO - allennlp.training.callbacks.console_logger - Batch inputs
2023-08-06 22:13:48,343 - INFO - allennlp.training.callbacks.console_logger - batch_input/text/tokens/tokens (Shape: 8 x 365)
tensor([[ 8826,  8827,   554,  ...,     0,     0,     0],
        [  452,    60,     2,  ...,     0,     0,     0],
        [  104,    53,    79,  ...,     0,     0,     0],
        ...,
        [  523,   410,   238,  ...,     0,     0,     0],
        [12843, 12848,   818,  ...,     0,     0,     0],
        [  179,   216,   524,  ...,     0,     0,     0]])
2023-08-06 22:13:48,344 - INFO - allennlp.training.callbacks.console_logger - batch_input/label (Shape: 8)
tensor([1, 0, 1,  ..., 1, 0, 0])
2023-08-06 22:13:48,723 - INFO - tqdm - accuracy: 0.8906, precision: 0.8503, recall: 0.9504, f1: 0.8976, batch_loss: 0.0796, loss: 0.3098 ||: 100%|##########| 120/120 [00:00<00:00, 280.27it/s]
2023-08-06 22:13:48,724 - INFO - allennlp.training.gradient_descent_trainer - Validating
2023-08-06 22:13:48,724 - INFO - tqdm - 0%|          | 0/30 [00:00<?, ?it/s]
2023-08-06 22:13:48,725 - INFO - allennlp.training.callbacks.console_logger - Batch inputs
2023-08-06 22:13:48,726 - INFO - allennlp.training.callbacks.console_logger - batch_input/text/tokens/tokens (Shape: 8 x 707)
tensor([[ 945, 1856, 5331,  ...,    0,    0,    0],
        [ 120,   53,    7,  ...,    0,    0,    0],
        [1240, 1079,  779,  ...,    0,    0,    0],
        ...,
        [  73,   60,  102,  ...,    0,    0,    0],
        [  73,   60,  102,  ...,    0,    0,    0],
        [3206,  873,  234,  ...,    2,  439, 5997]])
2023-08-06 22:13:48,726 - INFO - allennlp.training.callbacks.console_logger - batch_input/label (Shape: 8)
tensor([0, 1, 1,  ..., 1, 1, 1])
2023-08-06 22:13:50,147 - INFO - tqdm - accuracy: 0.9667, precision: 0.9655, recall: 0.9655, f1: 0.9655, batch_loss: 0.1977, loss: 0.2062 ||: 100%|##########| 30/30 [00:01<00:00, 18.32it/s]
2023-08-06 22:13:50,147 - INFO - tqdm - accuracy: 0.9667, precision: 0.9655, recall: 0.9655, f1: 0.9655, batch_loss: 0.1977, loss: 0.2062 ||: 100%|##########| 30/30 [00:01<00:00, 21.08it/s]
2023-08-06 22:13:50,148 - INFO - allennlp.training.callbacks.console_logger -                        Training |  Validation
2023-08-06 22:13:50,148 - INFO - allennlp.training.callbacks.console_logger - accuracy           |     0.891  |     0.967
2023-08-06 22:13:50,148 - INFO - allennlp.training.callbacks.console_logger - f1                 |     0.898  |     0.966
2023-08-06 22:13:50,148 - INFO - allennlp.training.callbacks.console_logger - loss               |     0.310  |     0.206
2023-08-06 22:13:50,148 - INFO - allennlp.training.callbacks.console_logger - precision          |     0.850  |     0.966
2023-08-06 22:13:50,148 - INFO - allennlp.training.callbacks.console_logger - recall             |     0.950  |     0.966
2023-08-06 22:13:50,148 - INFO - allennlp.training.callbacks.console_logger - worker_0_memory_MB |   476.164  |       N/A
2023-08-06 22:13:50,152 - INFO - allennlp.training.gradient_descent_trainer - Epoch duration: 0:00:01.856997
2023-08-06 22:13:50,152 - INFO - allennlp.training.gradient_descent_trainer - Estimated training time remaining: 0:00:35
2023-08-06 22:13:50,152 - INFO - allennlp.training.gradient_descent_trainer - Epoch 1/19
2023-08-06 22:13:50,152 - INFO - allennlp.training.gradient_descent_trainer - Worker 0 memory usage: 489M
2023-08-06 22:13:50,152 - INFO - allennlp.training.gradient_descent_trainer - Training
2023-08-06 22:13:50,153 - INFO - tqdm - 0%|          | 0/120 [00:00<?, ?it/s]
2023-08-06 22:13:51,136 - INFO - tqdm - accuracy: 0.9792, precision: 0.9774, recall: 0.9814, f1: 0.9794, batch_loss: 0.0110, loss: 0.1329 ||: 100%|##########| 120/120 [00:00<00:00, 121.99it/s]
2023-08-06 22:13:51,137 - INFO - allennlp.training.gradient_descent_trainer - Validating
2023-08-06 22:13:51,137 - INFO - tqdm - 0%|          | 0/30 [00:00<?, ?it/s]
2023-08-06 22:13:51,170 - INFO - tqdm - accuracy: 0.9708, precision: 0.9580, recall: 0.9828, f1: 0.9702, batch_loss: 0.0354, loss: 0.2362 ||: 100%|##########| 30/30 [00:00<00:00, 900.57it/s]
2023-08-06 22:13:51,171 - INFO - allennlp.training.callbacks.console_logger -                        Training |  Validation
2023-08-06 22:13:51,171 - INFO - allennlp.training.callbacks.console_logger - accuracy           |     0.979  |     0.971
2023-08-06 22:13:51,171 - INFO - allennlp.training.callbacks.console_logger - f1                 |     0.979  |     0.970
2023-08-06 22:13:51,171 - INFO - allennlp.training.callbacks.console_logger - loss               |     0.133  |     0.236
2023-08-06 22:13:51,171 - INFO - allennlp.training.callbacks.console_logger - precision          |     0.977  |     0.958
2023-08-06 22:13:51,171 - INFO - allennlp.training.callbacks.console_logger - recall             |     0.981  |     0.983
2023-08-06 22:13:51,171 - INFO - allennlp.training.callbacks.console_logger - worker_0_memory_MB |   488.922  |       N/A
2023-08-06 22:13:51,175 - INFO - allennlp.training.gradient_descent_trainer - Epoch duration: 0:00:01.022589
2023-08-06 22:13:51,175 - INFO - allennlp.training.gradient_descent_trainer - Estimated training time remaining: 0:00:25
2023-08-06 22:13:51,175 - INFO - allennlp.training.gradient_descent_trainer - Epoch 2/19
2023-08-06 22:13:51,175 - INFO - allennlp.training.gradient_descent_trainer - Worker 0 memory usage: 489M
2023-08-06 22:13:51,175 - INFO - allennlp.training.gradient_descent_trainer - Training
2023-08-06 22:13:51,175 - INFO - tqdm - 0%|          | 0/120 [00:00<?, ?it/s]
2023-08-06 22:13:51,554 - INFO - tqdm - accuracy: 0.9781, precision: 0.9754, recall: 0.9814, f1: 0.9784, batch_loss: 0.1448, loss: 0.1110 ||: 100%|##########| 120/120 [00:00<00:00, 316.77it/s]
2023-08-06 22:13:51,555 - INFO - allennlp.training.gradient_descent_trainer - Validating
2023-08-06 22:13:51,555 - INFO - tqdm - 0%|          | 0/30 [00:00<?, ?it/s]
2023-08-06 22:13:51,634 - INFO - tqdm - accuracy: 0.9750, precision: 0.9661, recall: 0.9828, f1: 0.9744, batch_loss: 0.4227, loss: 0.1927 ||: 100%|##########| 30/30 [00:00<00:00, 381.61it/s]
2023-08-06 22:13:51,635 - INFO - allennlp.training.callbacks.console_logger -                        Training |  Validation
2023-08-06 22:13:51,635 - INFO - allennlp.training.callbacks.console_logger - accuracy           |     0.978  |     0.975
2023-08-06 22:13:51,635 - INFO - allennlp.training.callbacks.console_logger - f1                 |     0.978  |     0.974
2023-08-06 22:13:51,635 - INFO - allennlp.training.callbacks.console_logger - loss               |     0.111  |     0.193
2023-08-06 22:13:51,636 - INFO - allennlp.training.callbacks.console_logger - precision          |     0.975  |     0.966
2023-08-06 22:13:51,636 - INFO - allennlp.training.callbacks.console_logger - recall             |     0.981  |     0.983
2023-08-06 22:13:51,636 - INFO - allennlp.training.callbacks.console_logger - worker_0_memory_MB |   488.922  |       N/A
2023-08-06 22:13:51,640 - INFO - allennlp.training.gradient_descent_trainer - Epoch duration: 0:00:00.465192
2023-08-06 22:13:51,640 - INFO - allennlp.training.gradient_descent_trainer - Estimated training time remaining: 0:00:18
2023-08-06 22:13:51,640 - INFO - allennlp.training.gradient_descent_trainer - Epoch 3/19
2023-08-06 22:13:51,640 - INFO - allennlp.training.gradient_descent_trainer - Worker 0 memory usage: 489M
2023-08-06 22:13:51,641 - INFO - allennlp.training.gradient_descent_trainer - Training
2023-08-06 22:13:51,641 - INFO - tqdm - 0%|          | 0/120 [00:00<?, ?it/s]
2023-08-06 22:13:52,028 - INFO - tqdm - accuracy: 0.9792, precision: 0.9793, recall: 0.9793, f1: 0.9793, batch_loss: 0.1679, loss: 0.0969 ||: 100%|##########| 120/120 [00:00<00:00, 309.75it/s]
2023-08-06 22:13:52,029 - INFO - allennlp.training.gradient_descent_trainer - Validating
2023-08-06 22:13:52,029 - INFO - tqdm - 0%|          | 0/30 [00:00<?, ?it/s]
2023-08-06 22:13:52,061 - INFO - tqdm - accuracy: 0.9667, precision: 0.9576, recall: 0.9741, f1: 0.9658, batch_loss: 0.0138, loss: 0.1658 ||: 100%|##########| 30/30 [00:00<00:00, 933.85it/s]
2023-08-06 22:13:52,061 - INFO - allennlp.training.callbacks.console_logger -                        Training |  Validation
2023-08-06 22:13:52,062 - INFO - allennlp.training.callbacks.console_logger - accuracy           |     0.979  |     0.967
2023-08-06 22:13:52,062 - INFO - allennlp.training.callbacks.console_logger - f1                 |     0.979  |     0.966
2023-08-06 22:13:52,062 - INFO - allennlp.training.callbacks.console_logger - loss               |     0.097  |     0.166
2023-08-06 22:13:52,062 - INFO - allennlp.training.callbacks.console_logger - precision          |     0.979  |     0.958
2023-08-06 22:13:52,062 - INFO - allennlp.training.callbacks.console_logger - recall             |     0.979  |     0.974
2023-08-06 22:13:52,062 - INFO - allennlp.training.callbacks.console_logger - worker_0_memory_MB |   489.004  |       N/A
2023-08-06 22:13:52,066 - INFO - allennlp.training.gradient_descent_trainer - Epoch duration: 0:00:00.425789
2023-08-06 22:13:52,066 - INFO - allennlp.training.gradient_descent_trainer - Estimated training time remaining: 0:00:15
2023-08-06 22:13:52,066 - INFO - allennlp.training.gradient_descent_trainer - Epoch 4/19
2023-08-06 22:13:52,067 - INFO - allennlp.training.gradient_descent_trainer - Worker 0 memory usage: 489M
2023-08-06 22:13:52,067 - INFO - allennlp.training.gradient_descent_trainer - Training
2023-08-06 22:13:52,067 - INFO - tqdm - 0%|          | 0/120 [00:00<?, ?it/s]
2023-08-06 22:13:52,426 - INFO - tqdm - accuracy: 0.9823, precision: 0.9814, recall: 0.9835, f1: 0.9825, batch_loss: 0.0010, loss: 0.0763 ||: 100%|##########| 120/120 [00:00<00:00, 334.18it/s]
2023-08-06 22:13:52,426 - INFO - allennlp.training.gradient_descent_trainer - Validating
2023-08-06 22:13:52,427 - INFO - tqdm - 0%|          | 0/30 [00:00<?, ?it/s]
2023-08-06 22:13:52,459 - INFO - tqdm - accuracy: 0.9750, precision: 0.9583, recall: 0.9914, f1: 0.9746, batch_loss: 0.0651, loss: 0.2098 ||: 100%|##########| 30/30 [00:00<00:00, 923.56it/s]
2023-08-06 22:13:52,460 - INFO - allennlp.training.callbacks.console_logger -                        Training |  Validation
2023-08-06 22:13:52,460 - INFO - allennlp.training.callbacks.console_logger - accuracy           |     0.982  |     0.975
2023-08-06 22:13:52,460 - INFO - allennlp.training.callbacks.console_logger - f1                 |     0.982  |     0.975
2023-08-06 22:13:52,460 - INFO - allennlp.training.callbacks.console_logger - loss               |     0.076  |     0.210
2023-08-06 22:13:52,460 - INFO - allennlp.training.callbacks.console_logger - precision          |     0.981  |     0.958
2023-08-06 22:13:52,460 - INFO - allennlp.training.callbacks.console_logger - recall             |     0.983  |     0.991
2023-08-06 22:13:52,460 - INFO - allennlp.training.callbacks.console_logger - worker_0_memory_MB |   489.004  |       N/A
2023-08-06 22:13:52,465 - INFO - allennlp.training.gradient_descent_trainer - Epoch duration: 0:00:00.398344
2023-08-06 22:13:52,465 - INFO - allennlp.training.gradient_descent_trainer - Estimated training time remaining: 0:00:12
2023-08-06 22:13:52,465 - INFO - allennlp.training.gradient_descent_trainer - Epoch 5/19
2023-08-06 22:13:52,465 - INFO - allennlp.training.gradient_descent_trainer - Worker 0 memory usage: 490M
2023-08-06 22:13:52,465 - INFO - allennlp.training.gradient_descent_trainer - Training
2023-08-06 22:13:52,465 - INFO - tqdm - 0%|          | 0/120 [00:00<?, ?it/s]
2023-08-06 22:13:52,822 - INFO - tqdm - accuracy: 0.9833, precision: 0.9795, recall: 0.9876, f1: 0.9835, batch_loss: 0.0732, loss: 0.0738 ||: 100%|##########| 120/120 [00:00<00:00, 336.92it/s]
2023-08-06 22:13:52,822 - INFO - allennlp.training.gradient_descent_trainer - Validating
2023-08-06 22:13:52,822 - INFO - tqdm - 0%|          | 0/30 [00:00<?, ?it/s]
2023-08-06 22:13:52,869 - INFO - tqdm - accuracy: 0.9750, precision: 0.9583, recall: 0.9914, f1: 0.9746, batch_loss: 0.0594, loss: 0.2253 ||: 100%|##########| 30/30 [00:00<00:00, 642.04it/s]
2023-08-06 22:13:52,870 - INFO - allennlp.training.callbacks.console_logger -                        Training |  Validation
2023-08-06 22:13:52,870 - INFO - allennlp.training.callbacks.console_logger - accuracy           |     0.983  |     0.975
2023-08-06 22:13:52,870 - INFO - allennlp.training.callbacks.console_logger - f1                 |     0.984  |     0.975
2023-08-06 22:13:52,870 - INFO - allennlp.training.callbacks.console_logger - loss               |     0.074  |     0.225
2023-08-06 22:13:52,870 - INFO - allennlp.training.callbacks.console_logger - precision          |     0.980  |     0.958
2023-08-06 22:13:52,870 - INFO - allennlp.training.callbacks.console_logger - recall             |     0.988  |     0.991
2023-08-06 22:13:52,870 - INFO - allennlp.training.callbacks.console_logger - worker_0_memory_MB |   489.566  |       N/A
2023-08-06 22:13:52,874 - INFO - allennlp.training.gradient_descent_trainer - Epoch duration: 0:00:00.409087
2023-08-06 22:13:52,874 - INFO - allennlp.training.gradient_descent_trainer - Estimated training time remaining: 0:00:10
2023-08-06 22:13:52,874 - INFO - allennlp.training.gradient_descent_trainer - Epoch 6/19
2023-08-06 22:13:52,874 - INFO - allennlp.training.gradient_descent_trainer - Worker 0 memory usage: 490M
2023-08-06 22:13:52,875 - INFO - allennlp.training.gradient_descent_trainer - Training
2023-08-06 22:13:52,875 - INFO - tqdm - 0%|          | 0/120 [00:00<?, ?it/s]
2023-08-06 22:13:53,220 - INFO - tqdm - accuracy: 0.9823, precision: 0.9756, recall: 0.9897, f1: 0.9826, batch_loss: 0.0058, loss: 0.0728 ||: 100%|##########| 120/120 [00:00<00:00, 347.74it/s]
2023-08-06 22:13:53,220 - INFO - allennlp.training.gradient_descent_trainer - Validating
2023-08-06 22:13:53,221 - INFO - tqdm - 0%|          | 0/30 [00:00<?, ?it/s]
2023-08-06 22:13:53,251 - INFO - tqdm - accuracy: 0.9458, precision: 0.9725, recall: 0.9138, f1: 0.9422, batch_loss: 0.1070, loss: 0.1917 ||: 100%|##########| 30/30 [00:00<00:00, 976.90it/s]
2023-08-06 22:13:53,252 - INFO - allennlp.training.callbacks.console_logger -                        Training |  Validation
2023-08-06 22:13:53,252 - INFO - allennlp.training.callbacks.console_logger - accuracy           |     0.982  |     0.946
2023-08-06 22:13:53,252 - INFO - allennlp.training.callbacks.console_logger - f1                 |     0.983  |     0.942
2023-08-06 22:13:53,252 - INFO - allennlp.training.callbacks.console_logger - loss               |     0.073  |     0.192
2023-08-06 22:13:53,252 - INFO - allennlp.training.callbacks.console_logger - precision          |     0.976  |     0.972
2023-08-06 22:13:53,252 - INFO - allennlp.training.callbacks.console_logger - recall             |     0.990  |     0.914
2023-08-06 22:13:53,252 - INFO - allennlp.training.callbacks.console_logger - worker_0_memory_MB |   489.566  |       N/A
2023-08-06 22:13:53,256 - INFO - allennlp.training.gradient_descent_trainer - Epoch duration: 0:00:00.382048
2023-08-06 22:13:53,257 - INFO - allennlp.training.gradient_descent_trainer - Estimated training time remaining: 0:00:09
2023-08-06 22:13:53,257 - INFO - allennlp.training.gradient_descent_trainer - Epoch 7/19
2023-08-06 22:13:53,257 - INFO - allennlp.training.gradient_descent_trainer - Worker 0 memory usage: 490M
2023-08-06 22:13:53,257 - INFO - allennlp.training.gradient_descent_trainer - Training
2023-08-06 22:13:53,257 - INFO - tqdm - 0%|          | 0/120 [00:00<?, ?it/s]
2023-08-06 22:13:53,601 - INFO - tqdm - accuracy: 0.9885, precision: 0.9856, recall: 0.9917, f1: 0.9887, batch_loss: 0.0495, loss: 0.0648 ||: 100%|##########| 120/120 [00:00<00:00, 348.86it/s]
2023-08-06 22:13:53,601 - INFO - allennlp.training.gradient_descent_trainer - Validating
2023-08-06 22:13:53,602 - INFO - tqdm - 0%|          | 0/30 [00:00<?, ?it/s]
2023-08-06 22:13:53,634 - INFO - tqdm - accuracy: 0.9750, precision: 0.9661, recall: 0.9828, f1: 0.9744, batch_loss: 0.0440, loss: 0.1489 ||: 100%|##########| 30/30 [00:00<00:00, 929.76it/s]
2023-08-06 22:13:53,635 - INFO - allennlp.training.callbacks.console_logger -                        Training |  Validation
2023-08-06 22:13:53,635 - INFO - allennlp.training.callbacks.console_logger - accuracy           |     0.989  |     0.975
2023-08-06 22:13:53,635 - INFO - allennlp.training.callbacks.console_logger - f1                 |     0.989  |     0.974
2023-08-06 22:13:53,635 - INFO - allennlp.training.callbacks.console_logger - loss               |     0.065  |     0.149
2023-08-06 22:13:53,635 - INFO - allennlp.training.callbacks.console_logger - precision          |     0.986  |     0.966
2023-08-06 22:13:53,635 - INFO - allennlp.training.callbacks.console_logger - recall             |     0.992  |     0.983
2023-08-06 22:13:53,635 - INFO - allennlp.training.callbacks.console_logger - worker_0_memory_MB |   489.566  |       N/A
2023-08-06 22:13:53,639 - INFO - allennlp.training.gradient_descent_trainer - Epoch duration: 0:00:00.382699
2023-08-06 22:13:53,639 - INFO - allennlp.training.gradient_descent_trainer - Estimated training time remaining: 0:00:08
2023-08-06 22:13:53,640 - INFO - allennlp.training.gradient_descent_trainer - Epoch 8/19
2023-08-06 22:13:53,640 - INFO - allennlp.training.gradient_descent_trainer - Worker 0 memory usage: 490M
2023-08-06 22:13:53,640 - INFO - allennlp.training.gradient_descent_trainer - Training
2023-08-06 22:13:53,640 - INFO - tqdm - 0%|          | 0/120 [00:00<?, ?it/s]
2023-08-06 22:13:53,948 - INFO - tqdm - accuracy: 0.9833, precision: 0.9815, recall: 0.9855, f1: 0.9835, batch_loss: 0.0181, loss: 0.0644 ||: 100%|##########| 120/120 [00:00<00:00, 389.89it/s]
2023-08-06 22:13:53,951 - INFO - allennlp.training.gradient_descent_trainer - Validating
2023-08-06 22:13:53,952 - INFO - tqdm - 0%|          | 0/30 [00:00<?, ?it/s]
2023-08-06 22:13:53,994 - INFO - tqdm - accuracy: 0.9708, precision: 0.9580, recall: 0.9828, f1: 0.9702, batch_loss: 0.0422, loss: 0.1538 ||: 100%|##########| 30/30 [00:00<00:00, 715.38it/s]
2023-08-06 22:13:53,994 - INFO - allennlp.training.callbacks.console_logger -                        Training |  Validation
2023-08-06 22:13:53,994 - INFO - allennlp.training.callbacks.console_logger - accuracy           |     0.983  |     0.971
2023-08-06 22:13:53,994 - INFO - allennlp.training.callbacks.console_logger - f1                 |     0.984  |     0.970
2023-08-06 22:13:53,995 - INFO - allennlp.training.callbacks.console_logger - loss               |     0.064  |     0.154
2023-08-06 22:13:53,995 - INFO - allennlp.training.callbacks.console_logger - precision          |     0.981  |     0.958
2023-08-06 22:13:53,995 - INFO - allennlp.training.callbacks.console_logger - recall             |     0.986  |     0.983
2023-08-06 22:13:53,995 - INFO - allennlp.training.callbacks.console_logger - worker_0_memory_MB |   489.566  |       N/A
2023-08-06 22:13:53,999 - INFO - allennlp.training.gradient_descent_trainer - Epoch duration: 0:00:00.359468
2023-08-06 22:13:53,999 - INFO - allennlp.training.gradient_descent_trainer - Estimated training time remaining: 0:00:06
2023-08-06 22:13:53,999 - INFO - allennlp.training.gradient_descent_trainer - Epoch 9/19
2023-08-06 22:13:53,999 - INFO - allennlp.training.gradient_descent_trainer - Worker 0 memory usage: 490M
2023-08-06 22:13:53,999 - INFO - allennlp.training.gradient_descent_trainer - Training
2023-08-06 22:13:54,000 - INFO - tqdm - 0%|          | 0/120 [00:00<?, ?it/s]
2023-08-06 22:13:54,301 - INFO - tqdm - accuracy: 0.9833, precision: 0.9855, recall: 0.9814, f1: 0.9834, batch_loss: 0.3497, loss: 0.0538 ||: 100%|##########| 120/120 [00:00<00:00, 398.35it/s]
2023-08-06 22:13:54,301 - INFO - allennlp.training.gradient_descent_trainer - Validating
2023-08-06 22:13:54,302 - INFO - tqdm - 0%|          | 0/30 [00:00<?, ?it/s]
2023-08-06 22:13:54,332 - INFO - tqdm - accuracy: 0.9750, precision: 0.9583, recall: 0.9914, f1: 0.9746, batch_loss: 0.0075, loss: 0.1794 ||: 100%|##########| 30/30 [00:00<00:00, 987.46it/s]
2023-08-06 22:13:54,333 - INFO - allennlp.training.callbacks.console_logger -                        Training |  Validation
2023-08-06 22:13:54,333 - INFO - allennlp.training.callbacks.console_logger - accuracy           |     0.983  |     0.975
2023-08-06 22:13:54,333 - INFO - allennlp.training.callbacks.console_logger - f1                 |     0.983  |     0.975
2023-08-06 22:13:54,333 - INFO - allennlp.training.callbacks.console_logger - loss               |     0.054  |     0.179
2023-08-06 22:13:54,333 - INFO - allennlp.training.callbacks.console_logger - precision          |     0.985  |     0.958
2023-08-06 22:13:54,333 - INFO - allennlp.training.callbacks.console_logger - recall             |     0.981  |     0.991
2023-08-06 22:13:54,333 - INFO - allennlp.training.callbacks.console_logger - worker_0_memory_MB |   489.566  |       N/A
2023-08-06 22:13:54,337 - INFO - allennlp.training.gradient_descent_trainer - Epoch duration: 0:00:00.337737
2023-08-06 22:13:54,337 - INFO - allennlp.training.gradient_descent_trainer - Estimated training time remaining: 0:00:06
2023-08-06 22:13:54,337 - INFO - allennlp.training.gradient_descent_trainer - Epoch 10/19
2023-08-06 22:13:54,337 - INFO - allennlp.training.gradient_descent_trainer - Worker 0 memory usage: 490M
2023-08-06 22:13:54,337 - INFO - allennlp.training.gradient_descent_trainer - Training
2023-08-06 22:13:54,338 - INFO - tqdm - 0%|          | 0/120 [00:00<?, ?it/s]
2023-08-06 22:13:54,671 - INFO - tqdm - accuracy: 0.9844, precision: 0.9796, recall: 0.9897, f1: 0.9846, batch_loss: 0.0173, loss: 0.0671 ||: 100%|##########| 120/120 [00:00<00:00, 360.36it/s]
2023-08-06 22:13:54,671 - INFO - allennlp.training.gradient_descent_trainer - Validating
2023-08-06 22:13:54,671 - INFO - tqdm - 0%|          | 0/30 [00:00<?, ?it/s]
2023-08-06 22:13:54,710 - INFO - tqdm - accuracy: 0.9708, precision: 0.9580, recall: 0.9828, f1: 0.9702, batch_loss: 0.0535, loss: 0.1633 ||: 100%|##########| 30/30 [00:00<00:00, 788.13it/s]
2023-08-06 22:13:54,710 - INFO - allennlp.training.callbacks.console_logger -                        Training |  Validation
2023-08-06 22:13:54,710 - INFO - allennlp.training.callbacks.console_logger - accuracy           |     0.984  |     0.971
2023-08-06 22:13:54,710 - INFO - allennlp.training.callbacks.console_logger - f1                 |     0.985  |     0.970
2023-08-06 22:13:54,710 - INFO - allennlp.training.callbacks.console_logger - loss               |     0.067  |     0.163
2023-08-06 22:13:54,710 - INFO - allennlp.training.callbacks.console_logger - precision          |     0.980  |     0.958
2023-08-06 22:13:54,710 - INFO - allennlp.training.callbacks.console_logger - recall             |     0.990  |     0.983
2023-08-06 22:13:54,710 - INFO - allennlp.training.callbacks.console_logger - worker_0_memory_MB |   489.566  |       N/A
2023-08-06 22:13:54,715 - INFO - allennlp.training.gradient_descent_trainer - Epoch duration: 0:00:00.377452
2023-08-06 22:13:54,715 - INFO - allennlp.training.gradient_descent_trainer - Estimated training time remaining: 0:00:05
2023-08-06 22:13:54,715 - INFO - allennlp.training.gradient_descent_trainer - Epoch 11/19
2023-08-06 22:13:54,715 - INFO - allennlp.training.gradient_descent_trainer - Worker 0 memory usage: 490M
2023-08-06 22:13:54,715 - INFO - allennlp.training.gradient_descent_trainer - Training
2023-08-06 22:13:54,715 - INFO - tqdm - 0%|          | 0/120 [00:00<?, ?it/s]
2023-08-06 22:13:55,081 - INFO - tqdm - accuracy: 0.9854, precision: 0.9835, recall: 0.9876, f1: 0.9856, batch_loss: 0.0053, loss: 0.0561 ||: 100%|##########| 120/120 [00:00<00:00, 328.38it/s]
2023-08-06 22:13:55,081 - INFO - allennlp.training.gradient_descent_trainer - Validating
2023-08-06 22:13:55,082 - INFO - tqdm - 0%|          | 0/30 [00:00<?, ?it/s]
2023-08-06 22:13:55,331 - INFO - tqdm - accuracy: 0.9708, precision: 0.9580, recall: 0.9828, f1: 0.9702, batch_loss: 0.0125, loss: 0.1422 ||: 100%|##########| 30/30 [00:00<00:00, 120.13it/s]
2023-08-06 22:13:55,332 - INFO - allennlp.training.callbacks.console_logger -                        Training |  Validation
2023-08-06 22:13:55,332 - INFO - allennlp.training.callbacks.console_logger - accuracy           |     0.985  |     0.971
2023-08-06 22:13:55,332 - INFO - allennlp.training.callbacks.console_logger - f1                 |     0.986  |     0.970
2023-08-06 22:13:55,332 - INFO - allennlp.training.callbacks.console_logger - loss               |     0.056  |     0.142
2023-08-06 22:13:55,332 - INFO - allennlp.training.callbacks.console_logger - precision          |     0.984  |     0.958
2023-08-06 22:13:55,332 - INFO - allennlp.training.callbacks.console_logger - recall             |     0.988  |     0.983
2023-08-06 22:13:55,332 - INFO - allennlp.training.callbacks.console_logger - worker_0_memory_MB |   489.566  |       N/A
2023-08-06 22:13:55,337 - INFO - allennlp.training.gradient_descent_trainer - Epoch duration: 0:00:00.622498
2023-08-06 22:13:55,338 - INFO - allennlp.training.gradient_descent_trainer - Estimated training time remaining: 0:00:04
2023-08-06 22:13:55,344 - INFO - allennlp.training.gradient_descent_trainer - Epoch 12/19
2023-08-06 22:13:55,344 - INFO - allennlp.training.gradient_descent_trainer - Worker 0 memory usage: 490M
2023-08-06 22:13:55,344 - INFO - allennlp.training.gradient_descent_trainer - Training
2023-08-06 22:13:55,345 - INFO - tqdm - 0%|          | 0/120 [00:00<?, ?it/s]
2023-08-06 22:13:55,752 - INFO - tqdm - accuracy: 0.9865, precision: 0.9836, recall: 0.9897, f1: 0.9866, batch_loss: 0.0034, loss: 0.0485 ||: 100%|##########| 120/120 [00:00<00:00, 300.28it/s]
2023-08-06 22:13:55,752 - INFO - tqdm - accuracy: 0.9865, precision: 0.9836, recall: 0.9897, f1: 0.9866, batch_loss: 0.0034, loss: 0.0485 ||: 100%|##########| 120/120 [00:00<00:00, 294.70it/s]
2023-08-06 22:13:55,752 - INFO - allennlp.training.gradient_descent_trainer - Validating
2023-08-06 22:13:55,752 - INFO - tqdm - 0%|          | 0/30 [00:00<?, ?it/s]
2023-08-06 22:13:55,784 - INFO - tqdm - accuracy: 0.9750, precision: 0.9661, recall: 0.9828, f1: 0.9744, batch_loss: 0.0675, loss: 0.1885 ||: 100%|##########| 30/30 [00:00<00:00, 951.61it/s]
2023-08-06 22:13:55,784 - INFO - allennlp.training.callbacks.console_logger -                        Training |  Validation
2023-08-06 22:13:55,784 - INFO - allennlp.training.callbacks.console_logger - accuracy           |     0.986  |     0.975
2023-08-06 22:13:55,785 - INFO - allennlp.training.callbacks.console_logger - f1                 |     0.987  |     0.974
2023-08-06 22:13:55,785 - INFO - allennlp.training.callbacks.console_logger - loss               |     0.049  |     0.189
2023-08-06 22:13:55,785 - INFO - allennlp.training.callbacks.console_logger - precision          |     0.984  |     0.966
2023-08-06 22:13:55,785 - INFO - allennlp.training.callbacks.console_logger - recall             |     0.990  |     0.983
2023-08-06 22:13:55,785 - INFO - allennlp.training.callbacks.console_logger - worker_0_memory_MB |   489.566  |       N/A
2023-08-06 22:13:55,789 - INFO - allennlp.training.gradient_descent_trainer - Epoch duration: 0:00:00.444890
2023-08-06 22:13:55,789 - INFO - allennlp.training.gradient_descent_trainer - Estimated training time remaining: 0:00:04
2023-08-06 22:13:55,789 - INFO - allennlp.training.gradient_descent_trainer - Epoch 13/19
2023-08-06 22:13:55,789 - INFO - allennlp.training.gradient_descent_trainer - Worker 0 memory usage: 490M
2023-08-06 22:13:55,790 - INFO - allennlp.training.gradient_descent_trainer - Training
2023-08-06 22:13:55,790 - INFO - tqdm - 0%|          | 0/120 [00:00<?, ?it/s]
2023-08-06 22:13:56,118 - INFO - tqdm - accuracy: 0.9865, precision: 0.9856, recall: 0.9876, f1: 0.9866, batch_loss: 0.0134, loss: 0.0471 ||: 100%|##########| 120/120 [00:00<00:00, 365.81it/s]
2023-08-06 22:13:56,118 - INFO - allennlp.training.gradient_descent_trainer - Validating
2023-08-06 22:13:56,118 - INFO - tqdm - 0%|          | 0/30 [00:00<?, ?it/s]
2023-08-06 22:13:56,150 - INFO - tqdm - accuracy: 0.9792, precision: 0.9664, recall: 0.9914, f1: 0.9787, batch_loss: 0.0486, loss: 0.1807 ||: 100%|##########| 30/30 [00:00<00:00, 957.22it/s]
2023-08-06 22:13:56,150 - INFO - allennlp.training.callbacks.console_logger -                        Training |  Validation
2023-08-06 22:13:56,151 - INFO - allennlp.training.callbacks.console_logger - accuracy           |     0.986  |     0.979
2023-08-06 22:13:56,151 - INFO - allennlp.training.callbacks.console_logger - f1                 |     0.987  |     0.979
2023-08-06 22:13:56,151 - INFO - allennlp.training.callbacks.console_logger - loss               |     0.047  |     0.181
2023-08-06 22:13:56,151 - INFO - allennlp.training.callbacks.console_logger - precision          |     0.986  |     0.966
2023-08-06 22:13:56,151 - INFO - allennlp.training.callbacks.console_logger - recall             |     0.988  |     0.991
2023-08-06 22:13:56,151 - INFO - allennlp.training.callbacks.console_logger - worker_0_memory_MB |   489.566  |       N/A
2023-08-06 22:13:56,155 - INFO - allennlp.training.gradient_descent_trainer - Epoch duration: 0:00:00.365504
2023-08-06 22:13:56,155 - INFO - allennlp.training.gradient_descent_trainer - Estimated training time remaining: 0:00:03
2023-08-06 22:13:56,155 - INFO - allennlp.training.gradient_descent_trainer - Epoch 14/19
2023-08-06 22:13:56,155 - INFO - allennlp.training.gradient_descent_trainer - Worker 0 memory usage: 490M
2023-08-06 22:13:56,155 - INFO - allennlp.training.gradient_descent_trainer - Training
2023-08-06 22:13:56,156 - INFO - tqdm - 0%|          | 0/120 [00:00<?, ?it/s]
2023-08-06 22:13:56,662 - INFO - tqdm - accuracy: 0.9875, precision: 0.9856, recall: 0.9897, f1: 0.9876, batch_loss: 0.0028, loss: 0.0472 ||: 100%|##########| 120/120 [00:00<00:00, 236.83it/s]
2023-08-06 22:13:56,663 - INFO - allennlp.training.gradient_descent_trainer - Validating
2023-08-06 22:13:56,663 - INFO - tqdm - 0%|          | 0/30 [00:00<?, ?it/s]
2023-08-06 22:13:56,696 - INFO - tqdm - accuracy: 0.9750, precision: 0.9583, recall: 0.9914, f1: 0.9746, batch_loss: 0.0027, loss: 0.1932 ||: 100%|##########| 30/30 [00:00<00:00, 897.96it/s]
2023-08-06 22:13:56,697 - INFO - allennlp.training.callbacks.console_logger -                        Training |  Validation
2023-08-06 22:13:56,697 - INFO - allennlp.training.callbacks.console_logger - accuracy           |     0.988  |     0.975
2023-08-06 22:13:56,697 - INFO - allennlp.training.callbacks.console_logger - f1                 |     0.988  |     0.975
2023-08-06 22:13:56,697 - INFO - allennlp.training.callbacks.console_logger - loss               |     0.047  |     0.193
2023-08-06 22:13:56,697 - INFO - allennlp.training.callbacks.console_logger - precision          |     0.986  |     0.958
2023-08-06 22:13:56,697 - INFO - allennlp.training.callbacks.console_logger - recall             |     0.990  |     0.991
2023-08-06 22:13:56,697 - INFO - allennlp.training.callbacks.console_logger - worker_0_memory_MB |   489.566  |       N/A
2023-08-06 22:13:56,701 - INFO - allennlp.training.gradient_descent_trainer - Epoch duration: 0:00:00.546385
2023-08-06 22:13:56,702 - INFO - allennlp.training.gradient_descent_trainer - Estimated training time remaining: 0:00:02
2023-08-06 22:13:56,702 - INFO - allennlp.training.gradient_descent_trainer - Epoch 15/19
2023-08-06 22:13:56,702 - INFO - allennlp.training.gradient_descent_trainer - Worker 0 memory usage: 490M
2023-08-06 22:13:56,702 - INFO - allennlp.training.gradient_descent_trainer - Training
2023-08-06 22:13:56,702 - INFO - tqdm - 0%|          | 0/120 [00:00<?, ?it/s]
2023-08-06 22:13:57,094 - INFO - tqdm - accuracy: 0.9896, precision: 0.9857, recall: 0.9938, f1: 0.9897, batch_loss: 0.0082, loss: 0.0438 ||: 100%|##########| 120/120 [00:00<00:00, 306.18it/s]
2023-08-06 22:13:57,095 - INFO - allennlp.training.gradient_descent_trainer - Validating
2023-08-06 22:13:57,095 - INFO - tqdm - 0%|          | 0/30 [00:00<?, ?it/s]
2023-08-06 22:13:57,128 - INFO - tqdm - accuracy: 0.9708, precision: 0.9580, recall: 0.9828, f1: 0.9702, batch_loss: 1.0351, loss: 0.1773 ||: 100%|##########| 30/30 [00:00<00:00, 910.97it/s]
2023-08-06 22:13:57,128 - INFO - allennlp.training.callbacks.console_logger -                        Training |  Validation
2023-08-06 22:13:57,128 - INFO - allennlp.training.callbacks.console_logger - accuracy           |     0.990  |     0.971
2023-08-06 22:13:57,128 - INFO - allennlp.training.callbacks.console_logger - f1                 |     0.990  |     0.970
2023-08-06 22:13:57,129 - INFO - allennlp.training.callbacks.console_logger - loss               |     0.044  |     0.177
2023-08-06 22:13:57,129 - INFO - allennlp.training.callbacks.console_logger - precision          |     0.986  |     0.958
2023-08-06 22:13:57,129 - INFO - allennlp.training.callbacks.console_logger - recall             |     0.994  |     0.983
2023-08-06 22:13:57,129 - INFO - allennlp.training.callbacks.console_logger - worker_0_memory_MB |   489.566  |       N/A
2023-08-06 22:13:57,133 - INFO - allennlp.training.gradient_descent_trainer - Epoch duration: 0:00:00.431118
2023-08-06 22:13:57,133 - INFO - allennlp.training.gradient_descent_trainer - Estimated training time remaining: 0:00:02
2023-08-06 22:13:57,133 - INFO - allennlp.training.gradient_descent_trainer - Epoch 16/19
2023-08-06 22:13:57,133 - INFO - allennlp.training.gradient_descent_trainer - Worker 0 memory usage: 490M
2023-08-06 22:13:57,133 - INFO - allennlp.training.gradient_descent_trainer - Training
2023-08-06 22:13:57,133 - INFO - tqdm - 0%|          | 0/120 [00:00<?, ?it/s]
2023-08-06 22:13:57,495 - INFO - tqdm - accuracy: 0.9896, precision: 0.9857, recall: 0.9938, f1: 0.9897, batch_loss: 0.0107, loss: 0.0342 ||: 100%|##########| 120/120 [00:00<00:00, 331.82it/s]
2023-08-06 22:13:57,496 - INFO - allennlp.training.gradient_descent_trainer - Validating
2023-08-06 22:13:57,496 - INFO - tqdm - 0%|          | 0/30 [00:00<?, ?it/s]
2023-08-06 22:13:57,553 - INFO - tqdm - accuracy: 0.9750, precision: 0.9583, recall: 0.9914, f1: 0.9746, batch_loss: 0.0688, loss: 0.1467 ||: 100%|##########| 30/30 [00:00<00:00, 527.79it/s]
2023-08-06 22:13:57,553 - INFO - allennlp.training.callbacks.console_logger -                        Training |  Validation
2023-08-06 22:13:57,553 - INFO - allennlp.training.callbacks.console_logger - accuracy           |     0.990  |     0.975
2023-08-06 22:13:57,553 - INFO - allennlp.training.callbacks.console_logger - f1                 |     0.990  |     0.975
2023-08-06 22:13:57,553 - INFO - allennlp.training.callbacks.console_logger - loss               |     0.034  |     0.147
2023-08-06 22:13:57,554 - INFO - allennlp.training.callbacks.console_logger - precision          |     0.986  |     0.958
2023-08-06 22:13:57,554 - INFO - allennlp.training.callbacks.console_logger - recall             |     0.994  |     0.991
2023-08-06 22:13:57,554 - INFO - allennlp.training.callbacks.console_logger - worker_0_memory_MB |   489.566  |       N/A
2023-08-06 22:13:57,558 - INFO - allennlp.training.gradient_descent_trainer - Epoch duration: 0:00:00.425224
2023-08-06 22:13:57,558 - INFO - allennlp.training.gradient_descent_trainer - Estimated training time remaining: 0:00:01
2023-08-06 22:13:57,559 - INFO - allennlp.training.gradient_descent_trainer - Epoch 17/19
2023-08-06 22:13:57,559 - INFO - allennlp.training.gradient_descent_trainer - Worker 0 memory usage: 490M
2023-08-06 22:13:57,559 - INFO - allennlp.training.gradient_descent_trainer - Training
2023-08-06 22:13:57,559 - INFO - tqdm - 0%|          | 0/120 [00:00<?, ?it/s]
2023-08-06 22:13:57,928 - INFO - tqdm - accuracy: 0.9854, precision: 0.9855, recall: 0.9855, f1: 0.9855, batch_loss: 0.0010, loss: 0.0538 ||: 100%|##########| 120/120 [00:00<00:00, 325.65it/s]
2023-08-06 22:13:57,928 - INFO - allennlp.training.gradient_descent_trainer - Validating
2023-08-06 22:13:57,928 - INFO - tqdm - 0%|          | 0/30 [00:00<?, ?it/s]
2023-08-06 22:13:57,959 - INFO - tqdm - accuracy: 0.9750, precision: 0.9661, recall: 0.9828, f1: 0.9744, batch_loss: 0.0358, loss: 0.1538 ||: 100%|##########| 30/30 [00:00<00:00, 965.72it/s]
2023-08-06 22:13:57,960 - INFO - allennlp.training.callbacks.console_logger -                        Training |  Validation
2023-08-06 22:13:57,960 - INFO - allennlp.training.callbacks.console_logger - accuracy           |     0.985  |     0.975
2023-08-06 22:13:57,960 - INFO - allennlp.training.callbacks.console_logger - f1                 |     0.986  |     0.974
2023-08-06 22:13:57,960 - INFO - allennlp.training.callbacks.console_logger - loss               |     0.054  |     0.154
2023-08-06 22:13:57,960 - INFO - allennlp.training.callbacks.console_logger - precision          |     0.986  |     0.966
2023-08-06 22:13:57,960 - INFO - allennlp.training.callbacks.console_logger - recall             |     0.986  |     0.983
2023-08-06 22:13:57,960 - INFO - allennlp.training.callbacks.console_logger - worker_0_memory_MB |   489.566  |       N/A
2023-08-06 22:13:57,965 - INFO - allennlp.training.gradient_descent_trainer - Epoch duration: 0:00:00.405985
2023-08-06 22:13:57,965 - INFO - allennlp.training.gradient_descent_trainer - Estimated training time remaining: 0:00:01
2023-08-06 22:13:57,965 - INFO - allennlp.training.gradient_descent_trainer - Epoch 18/19
2023-08-06 22:13:57,965 - INFO - allennlp.training.gradient_descent_trainer - Worker 0 memory usage: 490M
2023-08-06 22:13:57,965 - INFO - allennlp.training.gradient_descent_trainer - Training
2023-08-06 22:13:57,965 - INFO - tqdm - 0%|          | 0/120 [00:00<?, ?it/s]
2023-08-06 22:13:58,305 - INFO - tqdm - accuracy: 0.9854, precision: 0.9855, recall: 0.9855, f1: 0.9855, batch_loss: 0.0190, loss: 0.0437 ||: 100%|##########| 120/120 [00:00<00:00, 353.56it/s]
2023-08-06 22:13:58,305 - INFO - allennlp.training.gradient_descent_trainer - Validating
2023-08-06 22:13:58,305 - INFO - tqdm - 0%|          | 0/30 [00:00<?, ?it/s]
2023-08-06 22:13:58,345 - INFO - tqdm - accuracy: 0.9792, precision: 0.9664, recall: 0.9914, f1: 0.9787, batch_loss: 0.0604, loss: 0.1600 ||: 100%|##########| 30/30 [00:00<00:00, 763.32it/s]
2023-08-06 22:13:58,345 - INFO - allennlp.training.callbacks.console_logger -                        Training |  Validation
2023-08-06 22:13:58,345 - INFO - allennlp.training.callbacks.console_logger - accuracy           |     0.985  |     0.979
2023-08-06 22:13:58,345 - INFO - allennlp.training.callbacks.console_logger - f1                 |     0.986  |     0.979
2023-08-06 22:13:58,345 - INFO - allennlp.training.callbacks.console_logger - loss               |     0.044  |     0.160
2023-08-06 22:13:58,346 - INFO - allennlp.training.callbacks.console_logger - precision          |     0.986  |     0.966
2023-08-06 22:13:58,346 - INFO - allennlp.training.callbacks.console_logger - recall             |     0.986  |     0.991
2023-08-06 22:13:58,346 - INFO - allennlp.training.callbacks.console_logger - worker_0_memory_MB |   489.566  |       N/A
2023-08-06 22:13:58,350 - INFO - allennlp.training.gradient_descent_trainer - Epoch duration: 0:00:00.385222
2023-08-06 22:13:58,350 - INFO - allennlp.training.gradient_descent_trainer - Estimated training time remaining: 0:00:00
2023-08-06 22:13:58,350 - INFO - allennlp.training.gradient_descent_trainer - Epoch 19/19
2023-08-06 22:13:58,350 - INFO - allennlp.training.gradient_descent_trainer - Worker 0 memory usage: 490M
2023-08-06 22:13:58,351 - INFO - allennlp.training.gradient_descent_trainer - Training
2023-08-06 22:13:58,351 - INFO - tqdm - 0%|          | 0/120 [00:00<?, ?it/s]
2023-08-06 22:13:58,658 - INFO - tqdm - accuracy: 0.9885, precision: 0.9876, recall: 0.9897, f1: 0.9886, batch_loss: 0.0088, loss: 0.0363 ||: 100%|##########| 120/120 [00:00<00:00, 391.15it/s]
2023-08-06 22:13:58,658 - INFO - tqdm - accuracy: 0.9885, precision: 0.9876, recall: 0.9897, f1: 0.9886, batch_loss: 0.0088, loss: 0.0363 ||: 100%|##########| 120/120 [00:00<00:00, 390.82it/s]
2023-08-06 22:13:58,658 - INFO - allennlp.training.gradient_descent_trainer - Validating
2023-08-06 22:13:58,658 - INFO - tqdm - 0%|          | 0/30 [00:00<?, ?it/s]
2023-08-06 22:13:58,691 - INFO - tqdm - accuracy: 0.9833, precision: 0.9667, recall: 1.0000, f1: 0.9831, batch_loss: 1.2966, loss: 0.1758 ||: 100%|##########| 30/30 [00:00<00:00, 935.12it/s]
2023-08-06 22:13:58,691 - INFO - allennlp.training.callbacks.console_logger -                        Training |  Validation
2023-08-06 22:13:58,691 - INFO - allennlp.training.callbacks.console_logger - accuracy           |     0.989  |     0.983
2023-08-06 22:13:58,691 - INFO - allennlp.training.callbacks.console_logger - f1                 |     0.989  |     0.983
2023-08-06 22:13:58,691 - INFO - allennlp.training.callbacks.console_logger - loss               |     0.036  |     0.176
2023-08-06 22:13:58,692 - INFO - allennlp.training.callbacks.console_logger - precision          |     0.988  |     0.967
2023-08-06 22:13:58,692 - INFO - allennlp.training.callbacks.console_logger - recall             |     0.990  |     1.000
2023-08-06 22:13:58,692 - INFO - allennlp.training.callbacks.console_logger - worker_0_memory_MB |   489.566  |       N/A
2023-08-06 22:13:58,696 - INFO - allennlp.training.gradient_descent_trainer - Epoch duration: 0:00:00.345648
2023-08-06 22:13:58,697 - INFO - allennlp.common.util - Metrics: {
  "best_epoch": 11,
  "peak_worker_0_memory_MB": 489.56640625,
  "training_duration": "0:00:10.396135",
  "epoch": 19,
  "training_accuracy": 0.9885416666666667,
  "training_precision": 0.9876288771629333,
  "training_recall": 0.9896694421768188,
  "training_f1": 0.9886481165885925,
  "training_loss": 0.03630450287334194,
  "training_worker_0_memory_MB": 489.56640625,
  "validation_accuracy": 0.9833333333333333,
  "validation_precision": 0.9666666388511658,
  "validation_recall": 1.0,
  "validation_f1": 0.9830508232116699,
  "validation_loss": 0.17583444793514597,
  "best_validation_accuracy": 0.9708333333333333,
  "best_validation_precision": 0.9579831957817078,
  "best_validation_recall": 0.982758641242981,
  "best_validation_f1": 0.9702128171920776,
  "best_validation_loss": 0.14218907857624194
}
2023-08-06 22:13:58,698 - INFO - allennlp.models.archival - archiving weights and vocabulary to model/model.tar.gz
