2023-08-06 22:29:04,048 - INFO - allennlp.common.params - random_seed = 13370
2023-08-06 22:29:04,048 - INFO - allennlp.common.params - numpy_seed = 1337
2023-08-06 22:29:04,048 - INFO - allennlp.common.params - pytorch_seed = 133
2023-08-06 22:29:04,049 - INFO - allennlp.common.checks - Pytorch version: 1.11.0+cu102
2023-08-06 22:29:04,049 - INFO - allennlp.common.params - type = default
2023-08-06 22:29:04,050 - INFO - allennlp.common.params - dataset_reader.type = classification-tsv
2023-08-06 22:29:04,050 - INFO - allennlp.common.params - dataset_reader.max_instances = None
2023-08-06 22:29:04,050 - INFO - allennlp.common.params - dataset_reader.manual_distributed_sharding = False
2023-08-06 22:29:04,050 - INFO - allennlp.common.params - dataset_reader.manual_multiprocess_sharding = False
2023-08-06 22:29:04,050 - INFO - allennlp.common.params - dataset_reader.tokenizer = None
2023-08-06 22:29:04,050 - INFO - allennlp.common.params - dataset_reader.token_indexers.tokens.type = single_id
2023-08-06 22:29:04,050 - INFO - allennlp.common.params - dataset_reader.token_indexers.tokens.namespace = tokens
2023-08-06 22:29:04,050 - INFO - allennlp.common.params - dataset_reader.token_indexers.tokens.lowercase_tokens = False
2023-08-06 22:29:04,050 - INFO - allennlp.common.params - dataset_reader.token_indexers.tokens.start_tokens = None
2023-08-06 22:29:04,050 - INFO - allennlp.common.params - dataset_reader.token_indexers.tokens.end_tokens = None
2023-08-06 22:29:04,051 - INFO - allennlp.common.params - dataset_reader.token_indexers.tokens.feature_name = text
2023-08-06 22:29:04,051 - INFO - allennlp.common.params - dataset_reader.token_indexers.tokens.default_value = THIS IS A REALLY UNLIKELY VALUE THAT HAS TO BE A STRING
2023-08-06 22:29:04,051 - INFO - allennlp.common.params - dataset_reader.token_indexers.tokens.token_min_padding_length = 0
2023-08-06 22:29:04,051 - INFO - allennlp.common.params - dataset_reader.max_tokens = None
2023-08-06 22:29:04,051 - INFO - allennlp.common.params - train_data_path = data/title/train_4.tsv
2023-08-06 22:29:04,051 - INFO - allennlp.common.params - vocabulary = <allennlp.common.lazy.Lazy object at 0x7f4bc1d88c50>
2023-08-06 22:29:04,051 - INFO - allennlp.common.params - datasets_for_vocab_creation = None
2023-08-06 22:29:04,051 - INFO - allennlp.common.params - validation_dataset_reader = None
2023-08-06 22:29:04,051 - INFO - allennlp.common.params - validation_data_path = data/title/dev_4.tsv
2023-08-06 22:29:04,051 - INFO - allennlp.common.params - validation_data_loader = None
2023-08-06 22:29:04,051 - INFO - allennlp.common.params - test_data_path = None
2023-08-06 22:29:04,051 - INFO - allennlp.common.params - evaluate_on_test = False
2023-08-06 22:29:04,051 - INFO - allennlp.common.params - batch_weight_key = 
2023-08-06 22:29:04,051 - INFO - allennlp.common.params - data_loader.type = multiprocess
2023-08-06 22:29:04,052 - INFO - allennlp.common.params - data_loader.batch_size = 8
2023-08-06 22:29:04,052 - INFO - allennlp.common.params - data_loader.drop_last = False
2023-08-06 22:29:04,052 - INFO - allennlp.common.params - data_loader.shuffle = True
2023-08-06 22:29:04,052 - INFO - allennlp.common.params - data_loader.batch_sampler = None
2023-08-06 22:29:04,052 - INFO - allennlp.common.params - data_loader.batches_per_epoch = None
2023-08-06 22:29:04,052 - INFO - allennlp.common.params - data_loader.num_workers = 0
2023-08-06 22:29:04,052 - INFO - allennlp.common.params - data_loader.max_instances_in_memory = None
2023-08-06 22:29:04,052 - INFO - allennlp.common.params - data_loader.start_method = fork
2023-08-06 22:29:04,052 - INFO - allennlp.common.params - data_loader.cuda_device = None
2023-08-06 22:29:04,052 - INFO - allennlp.common.params - data_loader.quiet = False
2023-08-06 22:29:04,052 - INFO - allennlp.common.params - data_loader.collate_fn = <allennlp.data.data_loaders.data_collator.DefaultDataCollator object at 0x7f4bdcc33cd0>
2023-08-06 22:29:04,052 - INFO - tqdm - loading instances: 0it [00:00, ?it/s]
2023-08-06 22:29:04,066 - INFO - allennlp.common.params - data_loader.type = multiprocess
2023-08-06 22:29:04,067 - INFO - allennlp.common.params - data_loader.batch_size = 8
2023-08-06 22:29:04,067 - INFO - allennlp.common.params - data_loader.drop_last = False
2023-08-06 22:29:04,067 - INFO - allennlp.common.params - data_loader.shuffle = True
2023-08-06 22:29:04,067 - INFO - allennlp.common.params - data_loader.batch_sampler = None
2023-08-06 22:29:04,067 - INFO - allennlp.common.params - data_loader.batches_per_epoch = None
2023-08-06 22:29:04,067 - INFO - allennlp.common.params - data_loader.num_workers = 0
2023-08-06 22:29:04,067 - INFO - allennlp.common.params - data_loader.max_instances_in_memory = None
2023-08-06 22:29:04,067 - INFO - allennlp.common.params - data_loader.start_method = fork
2023-08-06 22:29:04,067 - INFO - allennlp.common.params - data_loader.cuda_device = None
2023-08-06 22:29:04,067 - INFO - allennlp.common.params - data_loader.quiet = False
2023-08-06 22:29:04,067 - INFO - allennlp.common.params - data_loader.collate_fn = <allennlp.data.data_loaders.data_collator.DefaultDataCollator object at 0x7f4bdcc33cd0>
2023-08-06 22:29:04,067 - INFO - tqdm - loading instances: 0it [00:00, ?it/s]
2023-08-06 22:29:04,071 - INFO - allennlp.common.params - type = from_instances
2023-08-06 22:29:04,071 - INFO - allennlp.common.params - min_count = None
2023-08-06 22:29:04,071 - INFO - allennlp.common.params - max_vocab_size = None
2023-08-06 22:29:04,071 - INFO - allennlp.common.params - non_padded_namespaces = ('*tags', '*labels')
2023-08-06 22:29:04,072 - INFO - allennlp.common.params - pretrained_files = None
2023-08-06 22:29:04,072 - INFO - allennlp.common.params - only_include_pretrained_words = False
2023-08-06 22:29:04,072 - INFO - allennlp.common.params - tokens_to_add = None
2023-08-06 22:29:04,072 - INFO - allennlp.common.params - min_pretrained_embeddings = None
2023-08-06 22:29:04,072 - INFO - allennlp.common.params - padding_token = @@PADDING@@
2023-08-06 22:29:04,072 - INFO - allennlp.common.params - oov_token = @@UNKNOWN@@
2023-08-06 22:29:04,072 - INFO - allennlp.data.vocabulary - Fitting token dictionary from dataset.
2023-08-06 22:29:04,072 - INFO - tqdm - building vocab: 0it [00:00, ?it/s]
2023-08-06 22:29:04,082 - INFO - allennlp.common.params - model.type = simple_classifier
2023-08-06 22:29:04,082 - INFO - allennlp.common.params - model.embedder.type = basic
2023-08-06 22:29:04,082 - INFO - allennlp.common.params - model.embedder.token_embedders.tokens.type = embedding
2023-08-06 22:29:04,083 - INFO - allennlp.common.params - model.embedder.token_embedders.tokens.embedding_dim = 10
2023-08-06 22:29:04,083 - INFO - allennlp.common.params - model.embedder.token_embedders.tokens.num_embeddings = None
2023-08-06 22:29:04,083 - INFO - allennlp.common.params - model.embedder.token_embedders.tokens.projection_dim = None
2023-08-06 22:29:04,083 - INFO - allennlp.common.params - model.embedder.token_embedders.tokens.weight = None
2023-08-06 22:29:04,083 - INFO - allennlp.common.params - model.embedder.token_embedders.tokens.padding_index = None
2023-08-06 22:29:04,083 - INFO - allennlp.common.params - model.embedder.token_embedders.tokens.trainable = True
2023-08-06 22:29:04,083 - INFO - allennlp.common.params - model.embedder.token_embedders.tokens.max_norm = None
2023-08-06 22:29:04,083 - INFO - allennlp.common.params - model.embedder.token_embedders.tokens.norm_type = 2.0
2023-08-06 22:29:04,083 - INFO - allennlp.common.params - model.embedder.token_embedders.tokens.scale_grad_by_freq = False
2023-08-06 22:29:04,083 - INFO - allennlp.common.params - model.embedder.token_embedders.tokens.sparse = False
2023-08-06 22:29:04,083 - INFO - allennlp.common.params - model.embedder.token_embedders.tokens.vocab_namespace = tokens
2023-08-06 22:29:04,083 - INFO - allennlp.common.params - model.embedder.token_embedders.tokens.pretrained_file = None
2023-08-06 22:29:04,084 - INFO - allennlp.common.params - model.encoder.type = bag_of_embeddings
2023-08-06 22:29:04,084 - INFO - allennlp.common.params - model.encoder.embedding_dim = 10
2023-08-06 22:29:04,084 - INFO - allennlp.common.params - model.encoder.averaged = False
2023-08-06 22:29:04,154 - INFO - allennlp.common.params - trainer.type = gradient_descent
2023-08-06 22:29:04,155 - INFO - allennlp.common.params - trainer.cuda_device = None
2023-08-06 22:29:04,155 - INFO - allennlp.common.params - trainer.distributed = False
2023-08-06 22:29:04,155 - INFO - allennlp.common.params - trainer.world_size = 1
2023-08-06 22:29:04,155 - INFO - allennlp.common.params - trainer.patience = None
2023-08-06 22:29:04,155 - INFO - allennlp.common.params - trainer.validation_metric = -loss
2023-08-06 22:29:04,155 - INFO - allennlp.common.params - trainer.num_epochs = 20
2023-08-06 22:29:04,155 - INFO - allennlp.common.params - trainer.grad_norm = False
2023-08-06 22:29:04,155 - INFO - allennlp.common.params - trainer.grad_clipping = None
2023-08-06 22:29:04,155 - INFO - allennlp.common.params - trainer.num_gradient_accumulation_steps = 1
2023-08-06 22:29:04,155 - INFO - allennlp.common.params - trainer.use_amp = False
2023-08-06 22:29:04,155 - INFO - allennlp.common.params - trainer.no_grad = None
2023-08-06 22:29:04,155 - INFO - allennlp.common.params - trainer.optimizer = adam
2023-08-06 22:29:04,155 - INFO - allennlp.common.params - trainer.learning_rate_scheduler = None
2023-08-06 22:29:04,155 - INFO - allennlp.common.params - trainer.momentum_scheduler = None
2023-08-06 22:29:04,155 - INFO - allennlp.common.params - trainer.moving_average = None
2023-08-06 22:29:04,155 - INFO - allennlp.common.params - trainer.checkpointer = <allennlp.common.lazy.Lazy object at 0x7f4bc1dc6550>
2023-08-06 22:29:04,155 - INFO - allennlp.common.params - trainer.callbacks = None
2023-08-06 22:29:04,156 - INFO - allennlp.common.params - trainer.enable_default_callbacks = True
2023-08-06 22:29:04,156 - INFO - allennlp.common.params - trainer.run_confidence_checks = True
2023-08-06 22:29:04,156 - INFO - allennlp.common.params - trainer.grad_scaling = True
2023-08-06 22:29:04,156 - INFO - allennlp.common.params - type = adam
2023-08-06 22:29:04,156 - INFO - allennlp.common.params - parameter_groups = None
2023-08-06 22:29:04,156 - INFO - allennlp.common.params - lr = 0.001
2023-08-06 22:29:04,156 - INFO - allennlp.common.params - betas = (0.9, 0.999)
2023-08-06 22:29:04,156 - INFO - allennlp.common.params - eps = 1e-08
2023-08-06 22:29:04,156 - INFO - allennlp.common.params - weight_decay = 0.0
2023-08-06 22:29:04,156 - INFO - allennlp.common.params - amsgrad = False
2023-08-06 22:29:04,156 - INFO - allennlp.training.optimizers - Number of trainable parameters: 34592
2023-08-06 22:29:04,156 - INFO - allennlp.common.util - The following parameters are Frozen (without gradient):
2023-08-06 22:29:04,156 - INFO - allennlp.common.util - The following parameters are Tunable (with gradient):
2023-08-06 22:29:04,156 - INFO - allennlp.common.util - embedder.token_embedder_tokens.weight
2023-08-06 22:29:04,157 - INFO - allennlp.common.util - classifier.weight
2023-08-06 22:29:04,157 - INFO - allennlp.common.util - classifier.bias
2023-08-06 22:29:04,157 - INFO - allennlp.common.params - type = default
2023-08-06 22:29:04,157 - INFO - allennlp.common.params - save_completed_epochs = True
2023-08-06 22:29:04,157 - INFO - allennlp.common.params - save_every_num_seconds = None
2023-08-06 22:29:04,157 - INFO - allennlp.common.params - save_every_num_batches = None
2023-08-06 22:29:04,157 - INFO - allennlp.common.params - keep_most_recent_by_count = 2
2023-08-06 22:29:04,157 - INFO - allennlp.common.params - keep_most_recent_by_age = None
2023-08-06 22:29:04,157 - WARNING - allennlp.training.gradient_descent_trainer - You provided a validation dataset but patience was set to None, meaning that early stopping is disabled
2023-08-06 22:29:04,157 - INFO - allennlp.training.gradient_descent_trainer - Beginning training.
2023-08-06 22:29:04,157 - INFO - allennlp.training.gradient_descent_trainer - Epoch 0/19
2023-08-06 22:29:04,157 - INFO - allennlp.training.gradient_descent_trainer - Worker 0 memory usage: 403M
2023-08-06 22:29:04,158 - INFO - allennlp.training.gradient_descent_trainer - Training
2023-08-06 22:29:04,158 - INFO - tqdm - 0%|          | 0/120 [00:00<?, ?it/s]
2023-08-06 22:29:04,171 - INFO - allennlp.training.callbacks.console_logger - Batch inputs
2023-08-06 22:29:04,172 - INFO - allennlp.training.callbacks.console_logger - batch_input/text/tokens/tokens (Shape: 8 x 17)
tensor([[ 428,  299,    2,  ...,    0,    0,    0],
        [  57,  129,    3,  ...,   28,  386,  189],
        [  10,    4,    5,  ...,  329,   33,    0],
        ...,
        [  62,    7,   17,  ...,    0,    0,    0],
        [2590, 2591,  319,  ...,    0,    0,    0],
        [  16,   27,   45,  ...,    0,    0,    0]])
2023-08-06 22:29:04,173 - INFO - allennlp.training.callbacks.console_logger - batch_input/label (Shape: 8)
tensor([1, 1, 1,  ..., 1, 0, 0])
2023-08-06 22:29:04,368 - INFO - tqdm - accuracy: 0.8250, precision: 0.8015, recall: 0.8649, f1: 0.8320, batch_loss: 0.3996, loss: 0.5491 ||: 100%|##########| 120/120 [00:00<00:00, 571.38it/s]
2023-08-06 22:29:04,368 - INFO - allennlp.training.gradient_descent_trainer - Validating
2023-08-06 22:29:04,368 - INFO - tqdm - 0%|          | 0/30 [00:00<?, ?it/s]
2023-08-06 22:29:04,369 - INFO - allennlp.training.callbacks.console_logger - Batch inputs
2023-08-06 22:29:04,370 - INFO - allennlp.training.callbacks.console_logger - batch_input/text/tokens/tokens (Shape: 8 x 17)
tensor([[  99,  383, 3319,  ...,    6, 3322,    0],
        [  11, 3290,  204,  ...,    0,    0,    0],
        [  10,    4,    3,  ...,    0,    0,    0],
        ...,
        [  83,  230,   59,  ...,    0,    0,    0],
        [  83,  132,   18,  ...,    0,    0,    0],
        [ 139, 3260,  321,  ..., 3263,    0,    0]])
2023-08-06 22:29:04,370 - INFO - allennlp.training.callbacks.console_logger - batch_input/label (Shape: 8)
tensor([0, 0, 1,  ..., 0, 1, 0])
2023-08-06 22:29:04,399 - INFO - tqdm - accuracy: 0.9167, precision: 0.8779, recall: 0.9664, f1: 0.9200, batch_loss: 0.3657, loss: 0.4232 ||: 100%|##########| 30/30 [00:00<00:00, 981.32it/s]
2023-08-06 22:29:04,400 - INFO - allennlp.training.callbacks.console_logger -                        Training |  Validation
2023-08-06 22:29:04,400 - INFO - allennlp.training.callbacks.console_logger - accuracy           |     0.825  |     0.917
2023-08-06 22:29:04,400 - INFO - allennlp.training.callbacks.console_logger - f1                 |     0.832  |     0.920
2023-08-06 22:29:04,400 - INFO - allennlp.training.callbacks.console_logger - loss               |     0.549  |     0.423
2023-08-06 22:29:04,400 - INFO - allennlp.training.callbacks.console_logger - precision          |     0.802  |     0.878
2023-08-06 22:29:04,400 - INFO - allennlp.training.callbacks.console_logger - recall             |     0.865  |     0.966
2023-08-06 22:29:04,400 - INFO - allennlp.training.callbacks.console_logger - worker_0_memory_MB |   403.129  |       N/A
2023-08-06 22:29:04,401 - INFO - allennlp.training.gradient_descent_trainer - Epoch duration: 0:00:00.243880
2023-08-06 22:29:04,401 - INFO - allennlp.training.gradient_descent_trainer - Estimated training time remaining: 0:00:04
2023-08-06 22:29:04,402 - INFO - allennlp.training.gradient_descent_trainer - Epoch 1/19
2023-08-06 22:29:04,402 - INFO - allennlp.training.gradient_descent_trainer - Worker 0 memory usage: 405M
2023-08-06 22:29:04,402 - INFO - allennlp.training.gradient_descent_trainer - Training
2023-08-06 22:29:04,402 - INFO - tqdm - 0%|          | 0/120 [00:00<?, ?it/s]
2023-08-06 22:29:04,588 - INFO - tqdm - accuracy: 0.9448, precision: 0.9196, recall: 0.9751, f1: 0.9465, batch_loss: 0.2090, loss: 0.2766 ||: 100%|##########| 120/120 [00:00<00:00, 645.08it/s]
2023-08-06 22:29:04,588 - INFO - allennlp.training.gradient_descent_trainer - Validating
2023-08-06 22:29:04,589 - INFO - tqdm - 0%|          | 0/30 [00:00<?, ?it/s]
2023-08-06 22:29:04,616 - INFO - tqdm - accuracy: 0.9125, precision: 0.8828, recall: 0.9496, f1: 0.9150, batch_loss: 0.3634, loss: 0.3069 ||: 100%|##########| 30/30 [00:00<00:00, 1119.46it/s]
2023-08-06 22:29:04,616 - INFO - allennlp.training.callbacks.console_logger -                        Training |  Validation
2023-08-06 22:29:04,616 - INFO - allennlp.training.callbacks.console_logger - accuracy           |     0.945  |     0.912
2023-08-06 22:29:04,616 - INFO - allennlp.training.callbacks.console_logger - f1                 |     0.947  |     0.915
2023-08-06 22:29:04,616 - INFO - allennlp.training.callbacks.console_logger - loss               |     0.277  |     0.307
2023-08-06 22:29:04,616 - INFO - allennlp.training.callbacks.console_logger - precision          |     0.920  |     0.883
2023-08-06 22:29:04,616 - INFO - allennlp.training.callbacks.console_logger - recall             |     0.975  |     0.950
2023-08-06 22:29:04,616 - INFO - allennlp.training.callbacks.console_logger - worker_0_memory_MB |   405.242  |       N/A
2023-08-06 22:29:04,618 - INFO - allennlp.training.gradient_descent_trainer - Epoch duration: 0:00:00.216077
2023-08-06 22:29:04,618 - INFO - allennlp.training.gradient_descent_trainer - Estimated training time remaining: 0:00:04
2023-08-06 22:29:04,618 - INFO - allennlp.training.gradient_descent_trainer - Epoch 2/19
2023-08-06 22:29:04,618 - INFO - allennlp.training.gradient_descent_trainer - Worker 0 memory usage: 405M
2023-08-06 22:29:04,618 - INFO - allennlp.training.gradient_descent_trainer - Training
2023-08-06 22:29:04,618 - INFO - tqdm - 0%|          | 0/120 [00:00<?, ?it/s]
2023-08-06 22:29:04,814 - INFO - tqdm - accuracy: 0.9708, precision: 0.9521, recall: 0.9917, f1: 0.9715, batch_loss: 0.1257, loss: 0.1566 ||: 100%|##########| 120/120 [00:00<00:00, 612.94it/s]
2023-08-06 22:29:04,814 - INFO - allennlp.training.gradient_descent_trainer - Validating
2023-08-06 22:29:04,815 - INFO - tqdm - 0%|          | 0/30 [00:00<?, ?it/s]
2023-08-06 22:29:04,843 - INFO - tqdm - accuracy: 0.9250, precision: 0.8915, recall: 0.9664, f1: 0.9274, batch_loss: 0.1455, loss: 0.2650 ||: 100%|##########| 30/30 [00:00<00:00, 1061.50it/s]
2023-08-06 22:29:04,843 - INFO - allennlp.training.callbacks.console_logger -                        Training |  Validation
2023-08-06 22:29:04,844 - INFO - allennlp.training.callbacks.console_logger - accuracy           |     0.971  |     0.925
2023-08-06 22:29:04,844 - INFO - allennlp.training.callbacks.console_logger - f1                 |     0.971  |     0.927
2023-08-06 22:29:04,844 - INFO - allennlp.training.callbacks.console_logger - loss               |     0.157  |     0.265
2023-08-06 22:29:04,844 - INFO - allennlp.training.callbacks.console_logger - precision          |     0.952  |     0.891
2023-08-06 22:29:04,844 - INFO - allennlp.training.callbacks.console_logger - recall             |     0.992  |     0.966
2023-08-06 22:29:04,844 - INFO - allennlp.training.callbacks.console_logger - worker_0_memory_MB |   405.242  |       N/A
2023-08-06 22:29:04,846 - INFO - allennlp.training.gradient_descent_trainer - Epoch duration: 0:00:00.227787
2023-08-06 22:29:04,846 - INFO - allennlp.training.gradient_descent_trainer - Estimated training time remaining: 0:00:03
2023-08-06 22:29:04,846 - INFO - allennlp.training.gradient_descent_trainer - Epoch 3/19
2023-08-06 22:29:04,846 - INFO - allennlp.training.gradient_descent_trainer - Worker 0 memory usage: 405M
2023-08-06 22:29:04,846 - INFO - allennlp.training.gradient_descent_trainer - Training
2023-08-06 22:29:04,846 - INFO - tqdm - 0%|          | 0/120 [00:00<?, ?it/s]
2023-08-06 22:29:05,052 - INFO - tqdm - accuracy: 0.9760, precision: 0.9598, recall: 0.9938, f1: 0.9765, batch_loss: 0.0426, loss: 0.1060 ||: 100%|##########| 120/120 [00:00<00:00, 584.71it/s]
2023-08-06 22:29:05,052 - INFO - allennlp.training.gradient_descent_trainer - Validating
2023-08-06 22:29:05,052 - INFO - tqdm - 0%|          | 0/30 [00:00<?, ?it/s]
2023-08-06 22:29:05,078 - INFO - tqdm - accuracy: 0.9208, precision: 0.9032, recall: 0.9412, f1: 0.9218, batch_loss: 0.2425, loss: 0.2427 ||: 100%|##########| 30/30 [00:00<00:00, 1162.58it/s]
2023-08-06 22:29:05,078 - INFO - allennlp.training.callbacks.console_logger -                        Training |  Validation
2023-08-06 22:29:05,079 - INFO - allennlp.training.callbacks.console_logger - accuracy           |     0.976  |     0.921
2023-08-06 22:29:05,079 - INFO - allennlp.training.callbacks.console_logger - f1                 |     0.977  |     0.922
2023-08-06 22:29:05,079 - INFO - allennlp.training.callbacks.console_logger - loss               |     0.106  |     0.243
2023-08-06 22:29:05,079 - INFO - allennlp.training.callbacks.console_logger - precision          |     0.960  |     0.903
2023-08-06 22:29:05,079 - INFO - allennlp.training.callbacks.console_logger - recall             |     0.994  |     0.941
2023-08-06 22:29:05,079 - INFO - allennlp.training.callbacks.console_logger - worker_0_memory_MB |   405.242  |       N/A
2023-08-06 22:29:05,081 - INFO - allennlp.training.gradient_descent_trainer - Epoch duration: 0:00:00.234946
2023-08-06 22:29:05,081 - INFO - allennlp.training.gradient_descent_trainer - Estimated training time remaining: 0:00:03
2023-08-06 22:29:05,081 - INFO - allennlp.training.gradient_descent_trainer - Epoch 4/19
2023-08-06 22:29:05,081 - INFO - allennlp.training.gradient_descent_trainer - Worker 0 memory usage: 405M
2023-08-06 22:29:05,081 - INFO - allennlp.training.gradient_descent_trainer - Training
2023-08-06 22:29:05,081 - INFO - tqdm - 0%|          | 0/120 [00:00<?, ?it/s]
2023-08-06 22:29:05,258 - INFO - tqdm - accuracy: 0.9802, precision: 0.9676, recall: 0.9938, f1: 0.9805, batch_loss: 0.1349, loss: 0.0785 ||: 100%|##########| 120/120 [00:00<00:00, 681.85it/s]
2023-08-06 22:29:05,258 - INFO - allennlp.training.gradient_descent_trainer - Validating
2023-08-06 22:29:05,258 - INFO - tqdm - 0%|          | 0/30 [00:00<?, ?it/s]
2023-08-06 22:29:05,295 - INFO - tqdm - accuracy: 0.9250, precision: 0.9106, recall: 0.9412, f1: 0.9256, batch_loss: 0.3504, loss: 0.2299 ||: 100%|##########| 30/30 [00:00<00:00, 825.28it/s]
2023-08-06 22:29:05,295 - INFO - allennlp.training.callbacks.console_logger -                        Training |  Validation
2023-08-06 22:29:05,295 - INFO - allennlp.training.callbacks.console_logger - accuracy           |     0.980  |     0.925
2023-08-06 22:29:05,295 - INFO - allennlp.training.callbacks.console_logger - f1                 |     0.981  |     0.926
2023-08-06 22:29:05,295 - INFO - allennlp.training.callbacks.console_logger - loss               |     0.078  |     0.230
2023-08-06 22:29:05,295 - INFO - allennlp.training.callbacks.console_logger - precision          |     0.968  |     0.911
2023-08-06 22:29:05,295 - INFO - allennlp.training.callbacks.console_logger - recall             |     0.994  |     0.941
2023-08-06 22:29:05,295 - INFO - allennlp.training.callbacks.console_logger - worker_0_memory_MB |   405.242  |       N/A
2023-08-06 22:29:05,297 - INFO - allennlp.training.gradient_descent_trainer - Epoch duration: 0:00:00.216238
2023-08-06 22:29:05,297 - INFO - allennlp.training.gradient_descent_trainer - Estimated training time remaining: 0:00:03
2023-08-06 22:29:05,297 - INFO - allennlp.training.gradient_descent_trainer - Epoch 5/19
2023-08-06 22:29:05,297 - INFO - allennlp.training.gradient_descent_trainer - Worker 0 memory usage: 405M
2023-08-06 22:29:05,298 - INFO - allennlp.training.gradient_descent_trainer - Training
2023-08-06 22:29:05,298 - INFO - tqdm - 0%|          | 0/120 [00:00<?, ?it/s]
2023-08-06 22:29:05,498 - INFO - tqdm - accuracy: 0.9812, precision: 0.9715, recall: 0.9917, f1: 0.9815, batch_loss: 0.0248, loss: 0.0616 ||: 100%|##########| 120/120 [00:00<00:00, 600.72it/s]
2023-08-06 22:29:05,498 - INFO - allennlp.training.gradient_descent_trainer - Validating
2023-08-06 22:29:05,498 - INFO - tqdm - 0%|          | 0/30 [00:00<?, ?it/s]
2023-08-06 22:29:05,530 - INFO - tqdm - accuracy: 0.9250, precision: 0.9244, recall: 0.9244, f1: 0.9244, batch_loss: 0.1732, loss: 0.2214 ||: 100%|##########| 30/30 [00:00<00:00, 951.70it/s]
2023-08-06 22:29:05,530 - INFO - allennlp.training.callbacks.console_logger -                        Training |  Validation
2023-08-06 22:29:05,530 - INFO - allennlp.training.callbacks.console_logger - accuracy           |     0.981  |     0.925
2023-08-06 22:29:05,531 - INFO - allennlp.training.callbacks.console_logger - f1                 |     0.981  |     0.924
2023-08-06 22:29:05,531 - INFO - allennlp.training.callbacks.console_logger - loss               |     0.062  |     0.221
2023-08-06 22:29:05,531 - INFO - allennlp.training.callbacks.console_logger - precision          |     0.971  |     0.924
2023-08-06 22:29:05,531 - INFO - allennlp.training.callbacks.console_logger - recall             |     0.992  |     0.924
2023-08-06 22:29:05,531 - INFO - allennlp.training.callbacks.console_logger - worker_0_memory_MB |   405.242  |       N/A
2023-08-06 22:29:05,533 - INFO - allennlp.training.gradient_descent_trainer - Epoch duration: 0:00:00.235265
2023-08-06 22:29:05,533 - INFO - allennlp.training.gradient_descent_trainer - Estimated training time remaining: 0:00:03
2023-08-06 22:29:05,533 - INFO - allennlp.training.gradient_descent_trainer - Epoch 6/19
2023-08-06 22:29:05,533 - INFO - allennlp.training.gradient_descent_trainer - Worker 0 memory usage: 405M
2023-08-06 22:29:05,533 - INFO - allennlp.training.gradient_descent_trainer - Training
2023-08-06 22:29:05,533 - INFO - tqdm - 0%|          | 0/120 [00:00<?, ?it/s]
2023-08-06 22:29:05,720 - INFO - tqdm - accuracy: 0.9875, precision: 0.9757, recall: 1.0000, f1: 0.9877, batch_loss: 0.0082, loss: 0.0513 ||: 100%|##########| 120/120 [00:00<00:00, 644.47it/s]
2023-08-06 22:29:05,720 - INFO - allennlp.training.gradient_descent_trainer - Validating
2023-08-06 22:29:05,720 - INFO - tqdm - 0%|          | 0/30 [00:00<?, ?it/s]
2023-08-06 22:29:05,745 - INFO - tqdm - accuracy: 0.9292, precision: 0.9322, recall: 0.9244, f1: 0.9283, batch_loss: 0.5133, loss: 0.2179 ||: 100%|##########| 30/30 [00:00<00:00, 1207.60it/s]
2023-08-06 22:29:05,746 - INFO - allennlp.training.callbacks.console_logger -                        Training |  Validation
2023-08-06 22:29:05,746 - INFO - allennlp.training.callbacks.console_logger - accuracy           |     0.988  |     0.929
2023-08-06 22:29:05,746 - INFO - allennlp.training.callbacks.console_logger - f1                 |     0.988  |     0.928
2023-08-06 22:29:05,746 - INFO - allennlp.training.callbacks.console_logger - loss               |     0.051  |     0.218
2023-08-06 22:29:05,746 - INFO - allennlp.training.callbacks.console_logger - precision          |     0.976  |     0.932
2023-08-06 22:29:05,746 - INFO - allennlp.training.callbacks.console_logger - recall             |     1.000  |     0.924
2023-08-06 22:29:05,746 - INFO - allennlp.training.callbacks.console_logger - worker_0_memory_MB |   405.242  |       N/A
2023-08-06 22:29:05,748 - INFO - allennlp.training.gradient_descent_trainer - Epoch duration: 0:00:00.214877
2023-08-06 22:29:05,748 - INFO - allennlp.training.gradient_descent_trainer - Estimated training time remaining: 0:00:02
2023-08-06 22:29:05,748 - INFO - allennlp.training.gradient_descent_trainer - Epoch 7/19
2023-08-06 22:29:05,748 - INFO - allennlp.training.gradient_descent_trainer - Worker 0 memory usage: 405M
2023-08-06 22:29:05,748 - INFO - allennlp.training.gradient_descent_trainer - Training
2023-08-06 22:29:05,748 - INFO - tqdm - 0%|          | 0/120 [00:00<?, ?it/s]
2023-08-06 22:29:05,987 - INFO - tqdm - accuracy: 0.9875, precision: 0.9815, recall: 0.9938, f1: 0.9876, batch_loss: 0.0251, loss: 0.0446 ||: 100%|##########| 120/120 [00:00<00:00, 503.46it/s]
2023-08-06 22:29:05,987 - INFO - allennlp.training.gradient_descent_trainer - Validating
2023-08-06 22:29:05,987 - INFO - tqdm - 0%|          | 0/30 [00:00<?, ?it/s]
2023-08-06 22:29:06,022 - INFO - tqdm - accuracy: 0.9333, precision: 0.9328, recall: 0.9328, f1: 0.9328, batch_loss: 0.1959, loss: 0.2151 ||: 100%|##########| 30/30 [00:00<00:00, 881.93it/s]
2023-08-06 22:29:06,022 - INFO - allennlp.training.callbacks.console_logger -                        Training |  Validation
2023-08-06 22:29:06,022 - INFO - allennlp.training.callbacks.console_logger - accuracy           |     0.988  |     0.933
2023-08-06 22:29:06,022 - INFO - allennlp.training.callbacks.console_logger - f1                 |     0.988  |     0.933
2023-08-06 22:29:06,022 - INFO - allennlp.training.callbacks.console_logger - loss               |     0.045  |     0.215
2023-08-06 22:29:06,022 - INFO - allennlp.training.callbacks.console_logger - precision          |     0.982  |     0.933
2023-08-06 22:29:06,022 - INFO - allennlp.training.callbacks.console_logger - recall             |     0.994  |     0.933
2023-08-06 22:29:06,022 - INFO - allennlp.training.callbacks.console_logger - worker_0_memory_MB |   405.242  |       N/A
2023-08-06 22:29:06,024 - INFO - allennlp.training.gradient_descent_trainer - Epoch duration: 0:00:00.276294
2023-08-06 22:29:06,024 - INFO - allennlp.training.gradient_descent_trainer - Estimated training time remaining: 0:00:02
2023-08-06 22:29:06,024 - INFO - allennlp.training.gradient_descent_trainer - Epoch 8/19
2023-08-06 22:29:06,025 - INFO - allennlp.training.gradient_descent_trainer - Worker 0 memory usage: 405M
2023-08-06 22:29:06,025 - INFO - allennlp.training.gradient_descent_trainer - Training
2023-08-06 22:29:06,025 - INFO - tqdm - 0%|          | 0/120 [00:00<?, ?it/s]
2023-08-06 22:29:06,233 - INFO - tqdm - accuracy: 0.9927, precision: 0.9857, recall: 1.0000, f1: 0.9928, batch_loss: 0.0155, loss: 0.0379 ||: 100%|##########| 120/120 [00:00<00:00, 578.10it/s]
2023-08-06 22:29:06,233 - INFO - allennlp.training.gradient_descent_trainer - Validating
2023-08-06 22:29:06,233 - INFO - tqdm - 0%|          | 0/30 [00:00<?, ?it/s]
2023-08-06 22:29:06,272 - INFO - tqdm - accuracy: 0.9333, precision: 0.9402, recall: 0.9244, f1: 0.9322, batch_loss: 0.3098, loss: 0.2126 ||: 100%|##########| 30/30 [00:00<00:00, 766.08it/s]
2023-08-06 22:29:06,273 - INFO - allennlp.training.callbacks.console_logger -                        Training |  Validation
2023-08-06 22:29:06,273 - INFO - allennlp.training.callbacks.console_logger - accuracy           |     0.993  |     0.933
2023-08-06 22:29:06,273 - INFO - allennlp.training.callbacks.console_logger - f1                 |     0.993  |     0.932
2023-08-06 22:29:06,273 - INFO - allennlp.training.callbacks.console_logger - loss               |     0.038  |     0.213
2023-08-06 22:29:06,273 - INFO - allennlp.training.callbacks.console_logger - precision          |     0.986  |     0.940
2023-08-06 22:29:06,273 - INFO - allennlp.training.callbacks.console_logger - recall             |     1.000  |     0.924
2023-08-06 22:29:06,273 - INFO - allennlp.training.callbacks.console_logger - worker_0_memory_MB |   405.242  |       N/A
2023-08-06 22:29:06,275 - INFO - allennlp.training.gradient_descent_trainer - Epoch duration: 0:00:00.250580
2023-08-06 22:29:06,275 - INFO - allennlp.training.gradient_descent_trainer - Estimated training time remaining: 0:00:02
2023-08-06 22:29:06,275 - INFO - allennlp.training.gradient_descent_trainer - Epoch 9/19
2023-08-06 22:29:06,275 - INFO - allennlp.training.gradient_descent_trainer - Worker 0 memory usage: 408M
2023-08-06 22:29:06,275 - INFO - allennlp.training.gradient_descent_trainer - Training
2023-08-06 22:29:06,276 - INFO - tqdm - 0%|          | 0/120 [00:00<?, ?it/s]
2023-08-06 22:29:06,462 - INFO - tqdm - accuracy: 0.9927, precision: 0.9877, recall: 0.9979, f1: 0.9928, batch_loss: 0.0214, loss: 0.0343 ||: 100%|##########| 120/120 [00:00<00:00, 643.41it/s]
2023-08-06 22:29:06,463 - INFO - allennlp.training.gradient_descent_trainer - Validating
2023-08-06 22:29:06,463 - INFO - tqdm - 0%|          | 0/30 [00:00<?, ?it/s]
2023-08-06 22:29:06,492 - INFO - tqdm - accuracy: 0.9375, precision: 0.9407, recall: 0.9328, f1: 0.9367, batch_loss: 0.1478, loss: 0.2124 ||: 100%|##########| 30/30 [00:00<00:00, 1021.18it/s]
2023-08-06 22:29:06,493 - INFO - allennlp.training.callbacks.console_logger -                        Training |  Validation
2023-08-06 22:29:06,493 - INFO - allennlp.training.callbacks.console_logger - accuracy           |     0.993  |     0.938
2023-08-06 22:29:06,493 - INFO - allennlp.training.callbacks.console_logger - f1                 |     0.993  |     0.937
2023-08-06 22:29:06,493 - INFO - allennlp.training.callbacks.console_logger - loss               |     0.034  |     0.212
2023-08-06 22:29:06,493 - INFO - allennlp.training.callbacks.console_logger - precision          |     0.988  |     0.941
2023-08-06 22:29:06,493 - INFO - allennlp.training.callbacks.console_logger - recall             |     0.998  |     0.933
2023-08-06 22:29:06,493 - INFO - allennlp.training.callbacks.console_logger - worker_0_memory_MB |   407.660  |       N/A
2023-08-06 22:29:06,495 - INFO - allennlp.training.gradient_descent_trainer - Epoch duration: 0:00:00.219800
2023-08-06 22:29:06,495 - INFO - allennlp.training.gradient_descent_trainer - Estimated training time remaining: 0:00:02
2023-08-06 22:29:06,495 - INFO - allennlp.training.gradient_descent_trainer - Epoch 10/19
2023-08-06 22:29:06,495 - INFO - allennlp.training.gradient_descent_trainer - Worker 0 memory usage: 408M
2023-08-06 22:29:06,495 - INFO - allennlp.training.gradient_descent_trainer - Training
2023-08-06 22:29:06,496 - INFO - tqdm - 0%|          | 0/120 [00:00<?, ?it/s]
2023-08-06 22:29:06,673 - INFO - tqdm - accuracy: 0.9927, precision: 0.9877, recall: 0.9979, f1: 0.9928, batch_loss: 0.0025, loss: 0.0311 ||: 100%|##########| 120/120 [00:00<00:00, 677.85it/s]
2023-08-06 22:29:06,673 - INFO - allennlp.training.gradient_descent_trainer - Validating
2023-08-06 22:29:06,673 - INFO - tqdm - 0%|          | 0/30 [00:00<?, ?it/s]
2023-08-06 22:29:06,716 - INFO - tqdm - accuracy: 0.9333, precision: 0.9328, recall: 0.9328, f1: 0.9328, batch_loss: 0.0409, loss: 0.2122 ||: 100%|##########| 30/30 [00:00<00:00, 702.61it/s]
2023-08-06 22:29:06,717 - INFO - allennlp.training.callbacks.console_logger -                        Training |  Validation
2023-08-06 22:29:06,717 - INFO - allennlp.training.callbacks.console_logger - accuracy           |     0.993  |     0.933
2023-08-06 22:29:06,717 - INFO - allennlp.training.callbacks.console_logger - f1                 |     0.993  |     0.933
2023-08-06 22:29:06,717 - INFO - allennlp.training.callbacks.console_logger - loss               |     0.031  |     0.212
2023-08-06 22:29:06,717 - INFO - allennlp.training.callbacks.console_logger - precision          |     0.988  |     0.933
2023-08-06 22:29:06,717 - INFO - allennlp.training.callbacks.console_logger - recall             |     0.998  |     0.933
2023-08-06 22:29:06,717 - INFO - allennlp.training.callbacks.console_logger - worker_0_memory_MB |   407.660  |       N/A
2023-08-06 22:29:06,719 - INFO - allennlp.training.gradient_descent_trainer - Epoch duration: 0:00:00.223667
2023-08-06 22:29:06,719 - INFO - allennlp.training.gradient_descent_trainer - Estimated training time remaining: 0:00:02
2023-08-06 22:29:06,719 - INFO - allennlp.training.gradient_descent_trainer - Epoch 11/19
2023-08-06 22:29:06,719 - INFO - allennlp.training.gradient_descent_trainer - Worker 0 memory usage: 408M
2023-08-06 22:29:06,719 - INFO - allennlp.training.gradient_descent_trainer - Training
2023-08-06 22:29:06,720 - INFO - tqdm - 0%|          | 0/120 [00:00<?, ?it/s]
2023-08-06 22:29:06,894 - INFO - tqdm - accuracy: 0.9948, precision: 0.9897, recall: 1.0000, f1: 0.9948, batch_loss: 0.0110, loss: 0.0287 ||: 100%|##########| 120/120 [00:00<00:00, 686.73it/s]
2023-08-06 22:29:06,895 - INFO - allennlp.training.gradient_descent_trainer - Validating
2023-08-06 22:29:06,895 - INFO - tqdm - 0%|          | 0/30 [00:00<?, ?it/s]
2023-08-06 22:29:06,922 - INFO - tqdm - accuracy: 0.9333, precision: 0.9328, recall: 0.9328, f1: 0.9328, batch_loss: 0.1294, loss: 0.2138 ||: 100%|##########| 30/30 [00:00<00:00, 1128.55it/s]
2023-08-06 22:29:06,922 - INFO - allennlp.training.callbacks.console_logger -                        Training |  Validation
2023-08-06 22:29:06,922 - INFO - allennlp.training.callbacks.console_logger - accuracy           |     0.995  |     0.933
2023-08-06 22:29:06,922 - INFO - allennlp.training.callbacks.console_logger - f1                 |     0.995  |     0.933
2023-08-06 22:29:06,922 - INFO - allennlp.training.callbacks.console_logger - loss               |     0.029  |     0.214
2023-08-06 22:29:06,922 - INFO - allennlp.training.callbacks.console_logger - precision          |     0.990  |     0.933
2023-08-06 22:29:06,923 - INFO - allennlp.training.callbacks.console_logger - recall             |     1.000  |     0.933
2023-08-06 22:29:06,923 - INFO - allennlp.training.callbacks.console_logger - worker_0_memory_MB |   407.660  |       N/A
2023-08-06 22:29:06,924 - INFO - allennlp.training.gradient_descent_trainer - Epoch duration: 0:00:00.205188
2023-08-06 22:29:06,924 - INFO - allennlp.training.gradient_descent_trainer - Estimated training time remaining: 0:00:01
2023-08-06 22:29:06,925 - INFO - allennlp.training.gradient_descent_trainer - Epoch 12/19
2023-08-06 22:29:06,925 - INFO - allennlp.training.gradient_descent_trainer - Worker 0 memory usage: 408M
2023-08-06 22:29:06,925 - INFO - allennlp.training.gradient_descent_trainer - Training
2023-08-06 22:29:06,925 - INFO - tqdm - 0%|          | 0/120 [00:00<?, ?it/s]
2023-08-06 22:29:07,564 - INFO - tqdm - accuracy: 0.9927, precision: 0.9897, recall: 0.9958, f1: 0.9927, batch_loss: 0.0140, loss: 0.0283 ||: 100%|##########| 120/120 [00:00<00:00, 167.70it/s]
2023-08-06 22:29:07,564 - INFO - tqdm - accuracy: 0.9927, precision: 0.9897, recall: 0.9958, f1: 0.9927, batch_loss: 0.0140, loss: 0.0283 ||: 100%|##########| 120/120 [00:00<00:00, 187.87it/s]
2023-08-06 22:29:07,564 - INFO - allennlp.training.gradient_descent_trainer - Validating
2023-08-06 22:29:07,564 - INFO - tqdm - 0%|          | 0/30 [00:00<?, ?it/s]
2023-08-06 22:29:07,603 - INFO - tqdm - accuracy: 0.9292, precision: 0.9250, recall: 0.9328, f1: 0.9289, batch_loss: 0.1545, loss: 0.2160 ||: 100%|##########| 30/30 [00:00<00:00, 783.47it/s]
2023-08-06 22:29:07,603 - INFO - allennlp.training.callbacks.console_logger -                        Training |  Validation
2023-08-06 22:29:07,603 - INFO - allennlp.training.callbacks.console_logger - accuracy           |     0.993  |     0.929
2023-08-06 22:29:07,603 - INFO - allennlp.training.callbacks.console_logger - f1                 |     0.993  |     0.929
2023-08-06 22:29:07,603 - INFO - allennlp.training.callbacks.console_logger - loss               |     0.028  |     0.216
2023-08-06 22:29:07,603 - INFO - allennlp.training.callbacks.console_logger - precision          |     0.990  |     0.925
2023-08-06 22:29:07,603 - INFO - allennlp.training.callbacks.console_logger - recall             |     0.996  |     0.933
2023-08-06 22:29:07,603 - INFO - allennlp.training.callbacks.console_logger - worker_0_memory_MB |   407.660  |       N/A
2023-08-06 22:29:07,605 - INFO - allennlp.training.gradient_descent_trainer - Epoch duration: 0:00:00.680647
2023-08-06 22:29:07,605 - INFO - allennlp.training.gradient_descent_trainer - Estimated training time remaining: 0:00:01
2023-08-06 22:29:07,605 - INFO - allennlp.training.gradient_descent_trainer - Epoch 13/19
2023-08-06 22:29:07,605 - INFO - allennlp.training.gradient_descent_trainer - Worker 0 memory usage: 408M
2023-08-06 22:29:07,605 - INFO - allennlp.training.gradient_descent_trainer - Training
2023-08-06 22:29:07,606 - INFO - tqdm - 0%|          | 0/120 [00:00<?, ?it/s]
2023-08-06 22:29:07,841 - INFO - tqdm - accuracy: 0.9927, precision: 0.9897, recall: 0.9958, f1: 0.9927, batch_loss: 0.0028, loss: 0.0260 ||: 100%|##########| 120/120 [00:00<00:00, 509.64it/s]
2023-08-06 22:29:07,845 - INFO - allennlp.training.gradient_descent_trainer - Validating
2023-08-06 22:29:07,845 - INFO - tqdm - 0%|          | 0/30 [00:00<?, ?it/s]
2023-08-06 22:29:07,881 - INFO - tqdm - accuracy: 0.9250, precision: 0.9244, recall: 0.9244, f1: 0.9244, batch_loss: 0.1472, loss: 0.2181 ||: 100%|##########| 30/30 [00:00<00:00, 834.47it/s]
2023-08-06 22:29:07,882 - INFO - allennlp.training.callbacks.console_logger -                        Training |  Validation
2023-08-06 22:29:07,882 - INFO - allennlp.training.callbacks.console_logger - accuracy           |     0.993  |     0.925
2023-08-06 22:29:07,882 - INFO - allennlp.training.callbacks.console_logger - f1                 |     0.993  |     0.924
2023-08-06 22:29:07,882 - INFO - allennlp.training.callbacks.console_logger - loss               |     0.026  |     0.218
2023-08-06 22:29:07,882 - INFO - allennlp.training.callbacks.console_logger - precision          |     0.990  |     0.924
2023-08-06 22:29:07,882 - INFO - allennlp.training.callbacks.console_logger - recall             |     0.996  |     0.924
2023-08-06 22:29:07,882 - INFO - allennlp.training.callbacks.console_logger - worker_0_memory_MB |   407.660  |       N/A
2023-08-06 22:29:07,884 - INFO - allennlp.training.gradient_descent_trainer - Epoch duration: 0:00:00.278289
2023-08-06 22:29:07,884 - INFO - allennlp.training.gradient_descent_trainer - Estimated training time remaining: 0:00:01
2023-08-06 22:29:07,884 - INFO - allennlp.training.gradient_descent_trainer - Epoch 14/19
2023-08-06 22:29:07,884 - INFO - allennlp.training.gradient_descent_trainer - Worker 0 memory usage: 408M
2023-08-06 22:29:07,884 - INFO - allennlp.training.gradient_descent_trainer - Training
2023-08-06 22:29:07,884 - INFO - tqdm - 0%|          | 0/120 [00:00<?, ?it/s]
2023-08-06 22:29:08,130 - INFO - tqdm - accuracy: 0.9938, precision: 0.9897, recall: 0.9979, f1: 0.9938, batch_loss: 0.0035, loss: 0.0246 ||: 100%|##########| 120/120 [00:00<00:00, 511.57it/s]
2023-08-06 22:29:08,131 - INFO - allennlp.training.gradient_descent_trainer - Validating
2023-08-06 22:29:08,131 - INFO - tqdm - 0%|          | 0/30 [00:00<?, ?it/s]
2023-08-06 22:29:08,156 - INFO - tqdm - accuracy: 0.9292, precision: 0.9250, recall: 0.9328, f1: 0.9289, batch_loss: 0.1050, loss: 0.2184 ||: 100%|##########| 30/30 [00:00<00:00, 1192.06it/s]
2023-08-06 22:29:08,157 - INFO - allennlp.training.callbacks.console_logger -                        Training |  Validation
2023-08-06 22:29:08,157 - INFO - allennlp.training.callbacks.console_logger - accuracy           |     0.994  |     0.929
2023-08-06 22:29:08,157 - INFO - allennlp.training.callbacks.console_logger - f1                 |     0.994  |     0.929
2023-08-06 22:29:08,157 - INFO - allennlp.training.callbacks.console_logger - loss               |     0.025  |     0.218
2023-08-06 22:29:08,157 - INFO - allennlp.training.callbacks.console_logger - precision          |     0.990  |     0.925
2023-08-06 22:29:08,157 - INFO - allennlp.training.callbacks.console_logger - recall             |     0.998  |     0.933
2023-08-06 22:29:08,157 - INFO - allennlp.training.callbacks.console_logger - worker_0_memory_MB |   407.660  |       N/A
2023-08-06 22:29:08,158 - INFO - allennlp.training.gradient_descent_trainer - Epoch duration: 0:00:00.274770
2023-08-06 22:29:08,159 - INFO - allennlp.training.gradient_descent_trainer - Estimated training time remaining: 0:00:01
2023-08-06 22:29:08,159 - INFO - allennlp.training.gradient_descent_trainer - Epoch 15/19
2023-08-06 22:29:08,159 - INFO - allennlp.training.gradient_descent_trainer - Worker 0 memory usage: 408M
2023-08-06 22:29:08,159 - INFO - allennlp.training.gradient_descent_trainer - Training
2023-08-06 22:29:08,159 - INFO - tqdm - 0%|          | 0/120 [00:00<?, ?it/s]
2023-08-06 22:29:08,327 - INFO - tqdm - accuracy: 0.9948, precision: 0.9897, recall: 1.0000, f1: 0.9948, batch_loss: 0.0017, loss: 0.0229 ||: 100%|##########| 120/120 [00:00<00:00, 713.92it/s]
2023-08-06 22:29:08,327 - INFO - allennlp.training.gradient_descent_trainer - Validating
2023-08-06 22:29:08,327 - INFO - tqdm - 0%|          | 0/30 [00:00<?, ?it/s]
2023-08-06 22:29:08,352 - INFO - tqdm - accuracy: 0.9250, precision: 0.9244, recall: 0.9244, f1: 0.9244, batch_loss: 0.0007, loss: 0.2218 ||: 100%|##########| 30/30 [00:00<00:00, 1218.06it/s]
2023-08-06 22:29:08,353 - INFO - allennlp.training.callbacks.console_logger -                        Training |  Validation
2023-08-06 22:29:08,353 - INFO - allennlp.training.callbacks.console_logger - accuracy           |     0.995  |     0.925
2023-08-06 22:29:08,353 - INFO - allennlp.training.callbacks.console_logger - f1                 |     0.995  |     0.924
2023-08-06 22:29:08,353 - INFO - allennlp.training.callbacks.console_logger - loss               |     0.023  |     0.222
2023-08-06 22:29:08,353 - INFO - allennlp.training.callbacks.console_logger - precision          |     0.990  |     0.924
2023-08-06 22:29:08,353 - INFO - allennlp.training.callbacks.console_logger - recall             |     1.000  |     0.924
2023-08-06 22:29:08,353 - INFO - allennlp.training.callbacks.console_logger - worker_0_memory_MB |   407.660  |       N/A
2023-08-06 22:29:08,354 - INFO - allennlp.training.gradient_descent_trainer - Epoch duration: 0:00:00.195880
2023-08-06 22:29:08,355 - INFO - allennlp.training.gradient_descent_trainer - Estimated training time remaining: 0:00:01
2023-08-06 22:29:08,355 - INFO - allennlp.training.gradient_descent_trainer - Epoch 16/19
2023-08-06 22:29:08,355 - INFO - allennlp.training.gradient_descent_trainer - Worker 0 memory usage: 408M
2023-08-06 22:29:08,355 - INFO - allennlp.training.gradient_descent_trainer - Training
2023-08-06 22:29:08,355 - INFO - tqdm - 0%|          | 0/120 [00:00<?, ?it/s]
2023-08-06 22:29:08,565 - INFO - tqdm - accuracy: 0.9938, precision: 0.9897, recall: 0.9979, f1: 0.9938, batch_loss: 0.0055, loss: 0.0223 ||: 100%|##########| 120/120 [00:00<00:00, 570.28it/s]
2023-08-06 22:29:08,566 - INFO - allennlp.training.gradient_descent_trainer - Validating
2023-08-06 22:29:08,566 - INFO - tqdm - 0%|          | 0/30 [00:00<?, ?it/s]
2023-08-06 22:29:08,591 - INFO - tqdm - accuracy: 0.9208, precision: 0.9098, recall: 0.9328, f1: 0.9212, batch_loss: 0.1183, loss: 0.2261 ||: 100%|##########| 30/30 [00:00<00:00, 1221.68it/s]
2023-08-06 22:29:08,591 - INFO - allennlp.training.callbacks.console_logger -                        Training |  Validation
2023-08-06 22:29:08,591 - INFO - allennlp.training.callbacks.console_logger - accuracy           |     0.994  |     0.921
2023-08-06 22:29:08,591 - INFO - allennlp.training.callbacks.console_logger - f1                 |     0.994  |     0.921
2023-08-06 22:29:08,591 - INFO - allennlp.training.callbacks.console_logger - loss               |     0.022  |     0.226
2023-08-06 22:29:08,591 - INFO - allennlp.training.callbacks.console_logger - precision          |     0.990  |     0.910
2023-08-06 22:29:08,591 - INFO - allennlp.training.callbacks.console_logger - recall             |     0.998  |     0.933
2023-08-06 22:29:08,591 - INFO - allennlp.training.callbacks.console_logger - worker_0_memory_MB |   407.660  |       N/A
2023-08-06 22:29:08,593 - INFO - allennlp.training.gradient_descent_trainer - Epoch duration: 0:00:00.238555
2023-08-06 22:29:08,593 - INFO - allennlp.training.gradient_descent_trainer - Estimated training time remaining: 0:00:00
2023-08-06 22:29:08,593 - INFO - allennlp.training.gradient_descent_trainer - Epoch 17/19
2023-08-06 22:29:08,593 - INFO - allennlp.training.gradient_descent_trainer - Worker 0 memory usage: 408M
2023-08-06 22:29:08,594 - INFO - allennlp.training.gradient_descent_trainer - Training
2023-08-06 22:29:08,594 - INFO - tqdm - 0%|          | 0/120 [00:00<?, ?it/s]
2023-08-06 22:29:08,800 - INFO - tqdm - accuracy: 0.9938, precision: 0.9917, recall: 0.9958, f1: 0.9938, batch_loss: 0.0007, loss: 0.0221 ||: 100%|##########| 120/120 [00:00<00:00, 581.36it/s]
2023-08-06 22:29:08,801 - INFO - allennlp.training.gradient_descent_trainer - Validating
2023-08-06 22:29:08,801 - INFO - tqdm - 0%|          | 0/30 [00:00<?, ?it/s]
2023-08-06 22:29:08,826 - INFO - tqdm - accuracy: 0.9208, precision: 0.9098, recall: 0.9328, f1: 0.9212, batch_loss: 0.0498, loss: 0.2307 ||: 100%|##########| 30/30 [00:00<00:00, 1191.12it/s]
2023-08-06 22:29:08,827 - INFO - allennlp.training.callbacks.console_logger -                        Training |  Validation
2023-08-06 22:29:08,827 - INFO - allennlp.training.callbacks.console_logger - accuracy           |     0.994  |     0.921
2023-08-06 22:29:08,827 - INFO - allennlp.training.callbacks.console_logger - f1                 |     0.994  |     0.921
2023-08-06 22:29:08,827 - INFO - allennlp.training.callbacks.console_logger - loss               |     0.022  |     0.231
2023-08-06 22:29:08,827 - INFO - allennlp.training.callbacks.console_logger - precision          |     0.992  |     0.910
2023-08-06 22:29:08,827 - INFO - allennlp.training.callbacks.console_logger - recall             |     0.996  |     0.933
2023-08-06 22:29:08,827 - INFO - allennlp.training.callbacks.console_logger - worker_0_memory_MB |   407.660  |       N/A
2023-08-06 22:29:08,829 - INFO - allennlp.training.gradient_descent_trainer - Epoch duration: 0:00:00.235322
2023-08-06 22:29:08,829 - INFO - allennlp.training.gradient_descent_trainer - Estimated training time remaining: 0:00:00
2023-08-06 22:29:08,829 - INFO - allennlp.training.gradient_descent_trainer - Epoch 18/19
2023-08-06 22:29:08,829 - INFO - allennlp.training.gradient_descent_trainer - Worker 0 memory usage: 408M
2023-08-06 22:29:08,829 - INFO - allennlp.training.gradient_descent_trainer - Training
2023-08-06 22:29:08,829 - INFO - tqdm - 0%|          | 0/120 [00:00<?, ?it/s]
2023-08-06 22:29:09,016 - INFO - tqdm - accuracy: 0.9948, precision: 0.9897, recall: 1.0000, f1: 0.9948, batch_loss: 0.0039, loss: 0.0211 ||: 100%|##########| 120/120 [00:00<00:00, 643.20it/s]
2023-08-06 22:29:09,016 - INFO - allennlp.training.gradient_descent_trainer - Validating
2023-08-06 22:29:09,017 - INFO - tqdm - 0%|          | 0/30 [00:00<?, ?it/s]
2023-08-06 22:29:09,080 - INFO - tqdm - accuracy: 0.9250, precision: 0.9174, recall: 0.9328, f1: 0.9250, batch_loss: 0.1433, loss: 0.2322 ||: 100%|##########| 30/30 [00:00<00:00, 475.17it/s]
2023-08-06 22:29:09,080 - INFO - allennlp.training.callbacks.console_logger -                        Training |  Validation
2023-08-06 22:29:09,080 - INFO - allennlp.training.callbacks.console_logger - accuracy           |     0.995  |     0.925
2023-08-06 22:29:09,080 - INFO - allennlp.training.callbacks.console_logger - f1                 |     0.995  |     0.925
2023-08-06 22:29:09,080 - INFO - allennlp.training.callbacks.console_logger - loss               |     0.021  |     0.232
2023-08-06 22:29:09,080 - INFO - allennlp.training.callbacks.console_logger - precision          |     0.990  |     0.917
2023-08-06 22:29:09,081 - INFO - allennlp.training.callbacks.console_logger - recall             |     1.000  |     0.933
2023-08-06 22:29:09,081 - INFO - allennlp.training.callbacks.console_logger - worker_0_memory_MB |   407.660  |       N/A
2023-08-06 22:29:09,082 - INFO - allennlp.training.gradient_descent_trainer - Epoch duration: 0:00:00.253546
2023-08-06 22:29:09,083 - INFO - allennlp.training.gradient_descent_trainer - Estimated training time remaining: 0:00:00
2023-08-06 22:29:09,083 - INFO - allennlp.training.gradient_descent_trainer - Epoch 19/19
2023-08-06 22:29:09,083 - INFO - allennlp.training.gradient_descent_trainer - Worker 0 memory usage: 408M
2023-08-06 22:29:09,083 - INFO - allennlp.training.gradient_descent_trainer - Training
2023-08-06 22:29:09,083 - INFO - tqdm - 0%|          | 0/120 [00:00<?, ?it/s]
2023-08-06 22:29:09,261 - INFO - tqdm - accuracy: 0.9938, precision: 0.9897, recall: 0.9979, f1: 0.9938, batch_loss: 0.5458, loss: 0.0213 ||: 100%|##########| 120/120 [00:00<00:00, 673.86it/s]
2023-08-06 22:29:09,261 - INFO - allennlp.training.gradient_descent_trainer - Validating
2023-08-06 22:29:09,262 - INFO - tqdm - 0%|          | 0/30 [00:00<?, ?it/s]
2023-08-06 22:29:09,288 - INFO - tqdm - accuracy: 0.9125, precision: 0.9016, recall: 0.9244, f1: 0.9129, batch_loss: 0.0234, loss: 0.2382 ||: 100%|##########| 30/30 [00:00<00:00, 1143.84it/s]
2023-08-06 22:29:09,289 - INFO - allennlp.training.callbacks.console_logger -                        Training |  Validation
2023-08-06 22:29:09,289 - INFO - allennlp.training.callbacks.console_logger - accuracy           |     0.994  |     0.912
2023-08-06 22:29:09,289 - INFO - allennlp.training.callbacks.console_logger - f1                 |     0.994  |     0.913
2023-08-06 22:29:09,289 - INFO - allennlp.training.callbacks.console_logger - loss               |     0.021  |     0.238
2023-08-06 22:29:09,289 - INFO - allennlp.training.callbacks.console_logger - precision          |     0.990  |     0.902
2023-08-06 22:29:09,289 - INFO - allennlp.training.callbacks.console_logger - recall             |     0.998  |     0.924
2023-08-06 22:29:09,289 - INFO - allennlp.training.callbacks.console_logger - worker_0_memory_MB |   407.660  |       N/A
2023-08-06 22:29:09,291 - INFO - allennlp.training.gradient_descent_trainer - Epoch duration: 0:00:00.208372
2023-08-06 22:29:09,292 - INFO - allennlp.common.util - Metrics: {
  "best_epoch": 10,
  "peak_worker_0_memory_MB": 407.66015625,
  "training_duration": "0:00:05.130940",
  "epoch": 19,
  "training_accuracy": 0.99375,
  "training_precision": 0.9896907210350037,
  "training_recall": 0.9979209899902344,
  "training_f1": 0.9937888383865356,
  "training_loss": 0.021296868065595238,
  "training_worker_0_memory_MB": 407.66015625,
  "validation_accuracy": 0.9125,
  "validation_precision": 0.9016393423080444,
  "validation_recall": 0.924369752407074,
  "validation_f1": 0.9128630757331848,
  "validation_loss": 0.23824336862502,
  "best_validation_accuracy": 0.9333333333333333,
  "best_validation_precision": 0.9327731132507324,
  "best_validation_recall": 0.9327731132507324,
  "best_validation_f1": 0.9327731132507324,
  "best_validation_loss": 0.21215772110347947
}
2023-08-06 22:29:09,292 - INFO - allennlp.models.archival - archiving weights and vocabulary to model/model.tar.gz
