2023-08-06 22:27:21,594 - INFO - allennlp.common.params - random_seed = 13370
2023-08-06 22:27:21,594 - INFO - allennlp.common.params - numpy_seed = 1337
2023-08-06 22:27:21,594 - INFO - allennlp.common.params - pytorch_seed = 133
2023-08-06 22:27:21,595 - INFO - allennlp.common.checks - Pytorch version: 1.11.0+cu102
2023-08-06 22:27:21,595 - INFO - allennlp.common.params - type = default
2023-08-06 22:27:21,595 - INFO - allennlp.common.params - dataset_reader.type = classification-tsv
2023-08-06 22:27:21,596 - INFO - allennlp.common.params - dataset_reader.max_instances = None
2023-08-06 22:27:21,596 - INFO - allennlp.common.params - dataset_reader.manual_distributed_sharding = False
2023-08-06 22:27:21,596 - INFO - allennlp.common.params - dataset_reader.manual_multiprocess_sharding = False
2023-08-06 22:27:21,596 - INFO - allennlp.common.params - dataset_reader.tokenizer = None
2023-08-06 22:27:21,596 - INFO - allennlp.common.params - dataset_reader.token_indexers.tokens.type = single_id
2023-08-06 22:27:21,596 - INFO - allennlp.common.params - dataset_reader.token_indexers.tokens.namespace = tokens
2023-08-06 22:27:21,596 - INFO - allennlp.common.params - dataset_reader.token_indexers.tokens.lowercase_tokens = False
2023-08-06 22:27:21,596 - INFO - allennlp.common.params - dataset_reader.token_indexers.tokens.start_tokens = None
2023-08-06 22:27:21,596 - INFO - allennlp.common.params - dataset_reader.token_indexers.tokens.end_tokens = None
2023-08-06 22:27:21,596 - INFO - allennlp.common.params - dataset_reader.token_indexers.tokens.feature_name = text
2023-08-06 22:27:21,596 - INFO - allennlp.common.params - dataset_reader.token_indexers.tokens.default_value = THIS IS A REALLY UNLIKELY VALUE THAT HAS TO BE A STRING
2023-08-06 22:27:21,596 - INFO - allennlp.common.params - dataset_reader.token_indexers.tokens.token_min_padding_length = 0
2023-08-06 22:27:21,596 - INFO - allennlp.common.params - dataset_reader.max_tokens = None
2023-08-06 22:27:21,596 - INFO - allennlp.common.params - train_data_path = data/title/train_2.tsv
2023-08-06 22:27:21,597 - INFO - allennlp.common.params - vocabulary = <allennlp.common.lazy.Lazy object at 0x7f555e731c50>
2023-08-06 22:27:21,597 - INFO - allennlp.common.params - datasets_for_vocab_creation = None
2023-08-06 22:27:21,597 - INFO - allennlp.common.params - validation_dataset_reader = None
2023-08-06 22:27:21,597 - INFO - allennlp.common.params - validation_data_path = data/title/dev_2.tsv
2023-08-06 22:27:21,597 - INFO - allennlp.common.params - validation_data_loader = None
2023-08-06 22:27:21,597 - INFO - allennlp.common.params - test_data_path = None
2023-08-06 22:27:21,597 - INFO - allennlp.common.params - evaluate_on_test = False
2023-08-06 22:27:21,597 - INFO - allennlp.common.params - batch_weight_key = 
2023-08-06 22:27:21,597 - INFO - allennlp.common.params - data_loader.type = multiprocess
2023-08-06 22:27:21,597 - INFO - allennlp.common.params - data_loader.batch_size = 8
2023-08-06 22:27:21,597 - INFO - allennlp.common.params - data_loader.drop_last = False
2023-08-06 22:27:21,597 - INFO - allennlp.common.params - data_loader.shuffle = True
2023-08-06 22:27:21,598 - INFO - allennlp.common.params - data_loader.batch_sampler = None
2023-08-06 22:27:21,598 - INFO - allennlp.common.params - data_loader.batches_per_epoch = None
2023-08-06 22:27:21,598 - INFO - allennlp.common.params - data_loader.num_workers = 0
2023-08-06 22:27:21,598 - INFO - allennlp.common.params - data_loader.max_instances_in_memory = None
2023-08-06 22:27:21,598 - INFO - allennlp.common.params - data_loader.start_method = fork
2023-08-06 22:27:21,598 - INFO - allennlp.common.params - data_loader.cuda_device = None
2023-08-06 22:27:21,598 - INFO - allennlp.common.params - data_loader.quiet = False
2023-08-06 22:27:21,598 - INFO - allennlp.common.params - data_loader.collate_fn = <allennlp.data.data_loaders.data_collator.DefaultDataCollator object at 0x7f55795d9e90>
2023-08-06 22:27:21,598 - INFO - tqdm - loading instances: 0it [00:00, ?it/s]
2023-08-06 22:27:21,612 - INFO - allennlp.common.params - data_loader.type = multiprocess
2023-08-06 22:27:21,612 - INFO - allennlp.common.params - data_loader.batch_size = 8
2023-08-06 22:27:21,612 - INFO - allennlp.common.params - data_loader.drop_last = False
2023-08-06 22:27:21,612 - INFO - allennlp.common.params - data_loader.shuffle = True
2023-08-06 22:27:21,613 - INFO - allennlp.common.params - data_loader.batch_sampler = None
2023-08-06 22:27:21,613 - INFO - allennlp.common.params - data_loader.batches_per_epoch = None
2023-08-06 22:27:21,613 - INFO - allennlp.common.params - data_loader.num_workers = 0
2023-08-06 22:27:21,613 - INFO - allennlp.common.params - data_loader.max_instances_in_memory = None
2023-08-06 22:27:21,613 - INFO - allennlp.common.params - data_loader.start_method = fork
2023-08-06 22:27:21,613 - INFO - allennlp.common.params - data_loader.cuda_device = None
2023-08-06 22:27:21,613 - INFO - allennlp.common.params - data_loader.quiet = False
2023-08-06 22:27:21,613 - INFO - allennlp.common.params - data_loader.collate_fn = <allennlp.data.data_loaders.data_collator.DefaultDataCollator object at 0x7f55795d9e90>
2023-08-06 22:27:21,613 - INFO - tqdm - loading instances: 0it [00:00, ?it/s]
2023-08-06 22:27:21,617 - INFO - allennlp.common.params - type = from_instances
2023-08-06 22:27:21,617 - INFO - allennlp.common.params - min_count = None
2023-08-06 22:27:21,617 - INFO - allennlp.common.params - max_vocab_size = None
2023-08-06 22:27:21,617 - INFO - allennlp.common.params - non_padded_namespaces = ('*tags', '*labels')
2023-08-06 22:27:21,617 - INFO - allennlp.common.params - pretrained_files = None
2023-08-06 22:27:21,617 - INFO - allennlp.common.params - only_include_pretrained_words = False
2023-08-06 22:27:21,617 - INFO - allennlp.common.params - tokens_to_add = None
2023-08-06 22:27:21,617 - INFO - allennlp.common.params - min_pretrained_embeddings = None
2023-08-06 22:27:21,618 - INFO - allennlp.common.params - padding_token = @@PADDING@@
2023-08-06 22:27:21,618 - INFO - allennlp.common.params - oov_token = @@UNKNOWN@@
2023-08-06 22:27:21,618 - INFO - allennlp.data.vocabulary - Fitting token dictionary from dataset.
2023-08-06 22:27:21,618 - INFO - tqdm - building vocab: 0it [00:00, ?it/s]
2023-08-06 22:27:21,628 - INFO - allennlp.common.params - model.type = simple_classifier
2023-08-06 22:27:21,628 - INFO - allennlp.common.params - model.embedder.type = basic
2023-08-06 22:27:21,629 - INFO - allennlp.common.params - model.embedder.token_embedders.tokens.type = embedding
2023-08-06 22:27:21,629 - INFO - allennlp.common.params - model.embedder.token_embedders.tokens.embedding_dim = 10
2023-08-06 22:27:21,629 - INFO - allennlp.common.params - model.embedder.token_embedders.tokens.num_embeddings = None
2023-08-06 22:27:21,629 - INFO - allennlp.common.params - model.embedder.token_embedders.tokens.projection_dim = None
2023-08-06 22:27:21,629 - INFO - allennlp.common.params - model.embedder.token_embedders.tokens.weight = None
2023-08-06 22:27:21,629 - INFO - allennlp.common.params - model.embedder.token_embedders.tokens.padding_index = None
2023-08-06 22:27:21,629 - INFO - allennlp.common.params - model.embedder.token_embedders.tokens.trainable = True
2023-08-06 22:27:21,629 - INFO - allennlp.common.params - model.embedder.token_embedders.tokens.max_norm = None
2023-08-06 22:27:21,629 - INFO - allennlp.common.params - model.embedder.token_embedders.tokens.norm_type = 2.0
2023-08-06 22:27:21,629 - INFO - allennlp.common.params - model.embedder.token_embedders.tokens.scale_grad_by_freq = False
2023-08-06 22:27:21,629 - INFO - allennlp.common.params - model.embedder.token_embedders.tokens.sparse = False
2023-08-06 22:27:21,629 - INFO - allennlp.common.params - model.embedder.token_embedders.tokens.vocab_namespace = tokens
2023-08-06 22:27:21,629 - INFO - allennlp.common.params - model.embedder.token_embedders.tokens.pretrained_file = None
2023-08-06 22:27:21,630 - INFO - allennlp.common.params - model.encoder.type = bag_of_embeddings
2023-08-06 22:27:21,630 - INFO - allennlp.common.params - model.encoder.embedding_dim = 10
2023-08-06 22:27:21,630 - INFO - allennlp.common.params - model.encoder.averaged = False
2023-08-06 22:27:21,699 - INFO - allennlp.common.params - trainer.type = gradient_descent
2023-08-06 22:27:21,699 - INFO - allennlp.common.params - trainer.cuda_device = None
2023-08-06 22:27:21,699 - INFO - allennlp.common.params - trainer.distributed = False
2023-08-06 22:27:21,699 - INFO - allennlp.common.params - trainer.world_size = 1
2023-08-06 22:27:21,699 - INFO - allennlp.common.params - trainer.patience = None
2023-08-06 22:27:21,700 - INFO - allennlp.common.params - trainer.validation_metric = -loss
2023-08-06 22:27:21,700 - INFO - allennlp.common.params - trainer.num_epochs = 20
2023-08-06 22:27:21,700 - INFO - allennlp.common.params - trainer.grad_norm = False
2023-08-06 22:27:21,700 - INFO - allennlp.common.params - trainer.grad_clipping = None
2023-08-06 22:27:21,700 - INFO - allennlp.common.params - trainer.num_gradient_accumulation_steps = 1
2023-08-06 22:27:21,700 - INFO - allennlp.common.params - trainer.use_amp = False
2023-08-06 22:27:21,700 - INFO - allennlp.common.params - trainer.no_grad = None
2023-08-06 22:27:21,700 - INFO - allennlp.common.params - trainer.optimizer = adam
2023-08-06 22:27:21,700 - INFO - allennlp.common.params - trainer.learning_rate_scheduler = None
2023-08-06 22:27:21,700 - INFO - allennlp.common.params - trainer.momentum_scheduler = None
2023-08-06 22:27:21,700 - INFO - allennlp.common.params - trainer.moving_average = None
2023-08-06 22:27:21,700 - INFO - allennlp.common.params - trainer.checkpointer = <allennlp.common.lazy.Lazy object at 0x7f555e76e450>
2023-08-06 22:27:21,700 - INFO - allennlp.common.params - trainer.callbacks = None
2023-08-06 22:27:21,700 - INFO - allennlp.common.params - trainer.enable_default_callbacks = True
2023-08-06 22:27:21,700 - INFO - allennlp.common.params - trainer.run_confidence_checks = True
2023-08-06 22:27:21,700 - INFO - allennlp.common.params - trainer.grad_scaling = True
2023-08-06 22:27:21,701 - INFO - allennlp.common.params - type = adam
2023-08-06 22:27:21,701 - INFO - allennlp.common.params - parameter_groups = None
2023-08-06 22:27:21,701 - INFO - allennlp.common.params - lr = 0.001
2023-08-06 22:27:21,701 - INFO - allennlp.common.params - betas = (0.9, 0.999)
2023-08-06 22:27:21,701 - INFO - allennlp.common.params - eps = 1e-08
2023-08-06 22:27:21,701 - INFO - allennlp.common.params - weight_decay = 0.0
2023-08-06 22:27:21,701 - INFO - allennlp.common.params - amsgrad = False
2023-08-06 22:27:21,701 - INFO - allennlp.training.optimizers - Number of trainable parameters: 34592
2023-08-06 22:27:21,701 - INFO - allennlp.common.util - The following parameters are Frozen (without gradient):
2023-08-06 22:27:21,701 - INFO - allennlp.common.util - The following parameters are Tunable (with gradient):
2023-08-06 22:27:21,701 - INFO - allennlp.common.util - embedder.token_embedder_tokens.weight
2023-08-06 22:27:21,701 - INFO - allennlp.common.util - classifier.weight
2023-08-06 22:27:21,701 - INFO - allennlp.common.util - classifier.bias
2023-08-06 22:27:21,701 - INFO - allennlp.common.params - type = default
2023-08-06 22:27:21,702 - INFO - allennlp.common.params - save_completed_epochs = True
2023-08-06 22:27:21,702 - INFO - allennlp.common.params - save_every_num_seconds = None
2023-08-06 22:27:21,702 - INFO - allennlp.common.params - save_every_num_batches = None
2023-08-06 22:27:21,702 - INFO - allennlp.common.params - keep_most_recent_by_count = 2
2023-08-06 22:27:21,702 - INFO - allennlp.common.params - keep_most_recent_by_age = None
2023-08-06 22:27:21,702 - WARNING - allennlp.training.gradient_descent_trainer - You provided a validation dataset but patience was set to None, meaning that early stopping is disabled
2023-08-06 22:27:21,702 - INFO - allennlp.training.gradient_descent_trainer - Beginning training.
2023-08-06 22:27:21,702 - INFO - allennlp.training.gradient_descent_trainer - Epoch 0/19
2023-08-06 22:27:21,702 - INFO - allennlp.training.gradient_descent_trainer - Worker 0 memory usage: 401M
2023-08-06 22:27:21,702 - INFO - allennlp.training.gradient_descent_trainer - Training
2023-08-06 22:27:21,702 - INFO - tqdm - 0%|          | 0/120 [00:00<?, ?it/s]
2023-08-06 22:27:21,707 - INFO - allennlp.training.callbacks.console_logger - Batch inputs
2023-08-06 22:27:21,707 - INFO - allennlp.training.callbacks.console_logger - batch_input/text/tokens/tokens (Shape: 8 x 17)
tensor([[ 751,   22,  752,  ...,    0,    0,    0],
        [ 101,   24,   26,  ...,   33,    0,    0],
        [  10,    4,    5,  ...,   33,    0,    0],
        ...,
        [  62,   81,   12,  ...,    0,    0,    0],
        [  29, 1147,    8,  ...,   17,    4,   19],
        [  16,   27,  346,  ...,    0,    0,    0]])
2023-08-06 22:27:21,708 - INFO - allennlp.training.callbacks.console_logger - batch_input/label (Shape: 8)
tensor([1, 1, 1,  ..., 1, 1, 0])
2023-08-06 22:27:21,879 - INFO - tqdm - accuracy: 0.8281, precision: 0.8268, recall: 0.8180, f1: 0.8224, batch_loss: 0.3651, loss: 0.5570 ||: 100%|##########| 120/120 [00:00<00:00, 678.62it/s]
2023-08-06 22:27:21,880 - INFO - allennlp.training.gradient_descent_trainer - Validating
2023-08-06 22:27:21,880 - INFO - tqdm - 0%|          | 0/30 [00:00<?, ?it/s]
2023-08-06 22:27:21,882 - INFO - allennlp.training.callbacks.console_logger - Batch inputs
2023-08-06 22:27:21,882 - INFO - allennlp.training.callbacks.console_logger - batch_input/text/tokens/tokens (Shape: 8 x 17)
tensor([[ 105, 3331, 3332,  ...,    0,    0,    0],
        [  85,  165,   27,  ...,   15,    0,    0],
        [  10,    4,    6,  ...,    0,    0,    0],
        ...,
        [   8,    7,   17,  ...,    0,    0,    0],
        [  12,   81,    2,  ...,    0,    0,    0],
        [ 139,  155,   19,  ...,   90,  198,    0]])
2023-08-06 22:27:21,883 - INFO - allennlp.training.callbacks.console_logger - batch_input/label (Shape: 8)
tensor([0, 1, 1,  ..., 1, 1, 1])
2023-08-06 22:27:21,917 - INFO - tqdm - accuracy: 0.8833, precision: 0.8571, recall: 0.9474, f1: 0.9000, batch_loss: 0.4607, loss: 0.3901 ||: 100%|##########| 30/30 [00:00<00:00, 820.26it/s]
2023-08-06 22:27:21,917 - INFO - allennlp.training.callbacks.console_logger -                        Training |  Validation
2023-08-06 22:27:21,917 - INFO - allennlp.training.callbacks.console_logger - accuracy           |     0.828  |     0.883
2023-08-06 22:27:21,917 - INFO - allennlp.training.callbacks.console_logger - f1                 |     0.822  |     0.900
2023-08-06 22:27:21,917 - INFO - allennlp.training.callbacks.console_logger - loss               |     0.557  |     0.390
2023-08-06 22:27:21,917 - INFO - allennlp.training.callbacks.console_logger - precision          |     0.827  |     0.857
2023-08-06 22:27:21,917 - INFO - allennlp.training.callbacks.console_logger - recall             |     0.818  |     0.947
2023-08-06 22:27:21,918 - INFO - allennlp.training.callbacks.console_logger - worker_0_memory_MB |   401.430  |       N/A
2023-08-06 22:27:21,919 - INFO - allennlp.training.gradient_descent_trainer - Epoch duration: 0:00:00.216805
2023-08-06 22:27:21,919 - INFO - allennlp.training.gradient_descent_trainer - Estimated training time remaining: 0:00:04
2023-08-06 22:27:21,919 - INFO - allennlp.training.gradient_descent_trainer - Epoch 1/19
2023-08-06 22:27:21,919 - INFO - allennlp.training.gradient_descent_trainer - Worker 0 memory usage: 404M
2023-08-06 22:27:21,919 - INFO - allennlp.training.gradient_descent_trainer - Training
2023-08-06 22:27:21,920 - INFO - tqdm - 0%|          | 0/120 [00:00<?, ?it/s]
2023-08-06 22:27:22,122 - INFO - tqdm - accuracy: 0.9469, precision: 0.9143, recall: 0.9829, f1: 0.9474, batch_loss: 0.2988, loss: 0.2877 ||: 100%|##########| 120/120 [00:00<00:00, 593.41it/s]
2023-08-06 22:27:22,122 - INFO - allennlp.training.gradient_descent_trainer - Validating
2023-08-06 22:27:22,122 - INFO - tqdm - 0%|          | 0/30 [00:00<?, ?it/s]
2023-08-06 22:27:22,151 - INFO - tqdm - accuracy: 0.9250, precision: 0.9137, recall: 0.9549, f1: 0.9338, batch_loss: 0.3295, loss: 0.2545 ||: 100%|##########| 30/30 [00:00<00:00, 1048.43it/s]
2023-08-06 22:27:22,152 - INFO - allennlp.training.callbacks.console_logger -                        Training |  Validation
2023-08-06 22:27:22,152 - INFO - allennlp.training.callbacks.console_logger - accuracy           |     0.947  |     0.925
2023-08-06 22:27:22,152 - INFO - allennlp.training.callbacks.console_logger - f1                 |     0.947  |     0.934
2023-08-06 22:27:22,152 - INFO - allennlp.training.callbacks.console_logger - loss               |     0.288  |     0.254
2023-08-06 22:27:22,152 - INFO - allennlp.training.callbacks.console_logger - precision          |     0.914  |     0.914
2023-08-06 22:27:22,152 - INFO - allennlp.training.callbacks.console_logger - recall             |     0.983  |     0.955
2023-08-06 22:27:22,152 - INFO - allennlp.training.callbacks.console_logger - worker_0_memory_MB |   404.258  |       N/A
2023-08-06 22:27:22,153 - INFO - allennlp.training.gradient_descent_trainer - Epoch duration: 0:00:00.234170
2023-08-06 22:27:22,154 - INFO - allennlp.training.gradient_descent_trainer - Estimated training time remaining: 0:00:04
2023-08-06 22:27:22,154 - INFO - allennlp.training.gradient_descent_trainer - Epoch 2/19
2023-08-06 22:27:22,154 - INFO - allennlp.training.gradient_descent_trainer - Worker 0 memory usage: 404M
2023-08-06 22:27:22,154 - INFO - allennlp.training.gradient_descent_trainer - Training
2023-08-06 22:27:22,154 - INFO - tqdm - 0%|          | 0/120 [00:00<?, ?it/s]
2023-08-06 22:27:22,310 - INFO - tqdm - accuracy: 0.9698, precision: 0.9506, recall: 0.9893, f1: 0.9696, batch_loss: 0.1773, loss: 0.1679 ||: 100%|##########| 120/120 [00:00<00:00, 769.17it/s]
2023-08-06 22:27:22,310 - INFO - allennlp.training.gradient_descent_trainer - Validating
2023-08-06 22:27:22,311 - INFO - tqdm - 0%|          | 0/30 [00:00<?, ?it/s]
2023-08-06 22:27:22,336 - INFO - tqdm - accuracy: 0.9375, precision: 0.9275, recall: 0.9624, f1: 0.9446, batch_loss: 0.0964, loss: 0.2056 ||: 100%|##########| 30/30 [00:00<00:00, 1183.85it/s]
2023-08-06 22:27:22,337 - INFO - allennlp.training.callbacks.console_logger -                        Training |  Validation
2023-08-06 22:27:22,337 - INFO - allennlp.training.callbacks.console_logger - accuracy           |     0.970  |     0.938
2023-08-06 22:27:22,337 - INFO - allennlp.training.callbacks.console_logger - f1                 |     0.970  |     0.945
2023-08-06 22:27:22,337 - INFO - allennlp.training.callbacks.console_logger - loss               |     0.168  |     0.206
2023-08-06 22:27:22,337 - INFO - allennlp.training.callbacks.console_logger - precision          |     0.951  |     0.928
2023-08-06 22:27:22,337 - INFO - allennlp.training.callbacks.console_logger - recall             |     0.989  |     0.962
2023-08-06 22:27:22,337 - INFO - allennlp.training.callbacks.console_logger - worker_0_memory_MB |   404.258  |       N/A
2023-08-06 22:27:22,339 - INFO - allennlp.training.gradient_descent_trainer - Epoch duration: 0:00:00.185095
2023-08-06 22:27:22,339 - INFO - allennlp.training.gradient_descent_trainer - Estimated training time remaining: 0:00:03
2023-08-06 22:27:22,339 - INFO - allennlp.training.gradient_descent_trainer - Epoch 3/19
2023-08-06 22:27:22,339 - INFO - allennlp.training.gradient_descent_trainer - Worker 0 memory usage: 404M
2023-08-06 22:27:22,339 - INFO - allennlp.training.gradient_descent_trainer - Training
2023-08-06 22:27:22,339 - INFO - tqdm - 0%|          | 0/120 [00:00<?, ?it/s]
2023-08-06 22:27:22,524 - INFO - tqdm - accuracy: 0.9740, precision: 0.9547, recall: 0.9936, f1: 0.9738, batch_loss: 0.0871, loss: 0.1151 ||: 100%|##########| 120/120 [00:00<00:00, 649.43it/s]
2023-08-06 22:27:22,524 - INFO - allennlp.training.gradient_descent_trainer - Validating
2023-08-06 22:27:22,525 - INFO - tqdm - 0%|          | 0/30 [00:00<?, ?it/s]
2023-08-06 22:27:22,561 - INFO - tqdm - accuracy: 0.9417, precision: 0.9343, recall: 0.9624, f1: 0.9481, batch_loss: 0.0978, loss: 0.1849 ||: 100%|##########| 30/30 [00:00<00:00, 833.63it/s]
2023-08-06 22:27:22,561 - INFO - allennlp.training.callbacks.console_logger -                        Training |  Validation
2023-08-06 22:27:22,561 - INFO - allennlp.training.callbacks.console_logger - accuracy           |     0.974  |     0.942
2023-08-06 22:27:22,561 - INFO - allennlp.training.callbacks.console_logger - f1                 |     0.974  |     0.948
2023-08-06 22:27:22,561 - INFO - allennlp.training.callbacks.console_logger - loss               |     0.115  |     0.185
2023-08-06 22:27:22,562 - INFO - allennlp.training.callbacks.console_logger - precision          |     0.955  |     0.934
2023-08-06 22:27:22,562 - INFO - allennlp.training.callbacks.console_logger - recall             |     0.994  |     0.962
2023-08-06 22:27:22,562 - INFO - allennlp.training.callbacks.console_logger - worker_0_memory_MB |   404.258  |       N/A
2023-08-06 22:27:22,563 - INFO - allennlp.training.gradient_descent_trainer - Epoch duration: 0:00:00.224525
2023-08-06 22:27:22,564 - INFO - allennlp.training.gradient_descent_trainer - Estimated training time remaining: 0:00:03
2023-08-06 22:27:22,564 - INFO - allennlp.training.gradient_descent_trainer - Epoch 4/19
2023-08-06 22:27:22,564 - INFO - allennlp.training.gradient_descent_trainer - Worker 0 memory usage: 404M
2023-08-06 22:27:22,564 - INFO - allennlp.training.gradient_descent_trainer - Training
2023-08-06 22:27:22,564 - INFO - tqdm - 0%|          | 0/120 [00:00<?, ?it/s]
2023-08-06 22:27:22,739 - INFO - tqdm - accuracy: 0.9771, precision: 0.9607, recall: 0.9936, f1: 0.9768, batch_loss: 0.0181, loss: 0.0877 ||: 100%|##########| 120/120 [00:00<00:00, 688.15it/s]
2023-08-06 22:27:22,739 - INFO - allennlp.training.gradient_descent_trainer - Validating
2023-08-06 22:27:22,739 - INFO - tqdm - 0%|          | 0/30 [00:00<?, ?it/s]
2023-08-06 22:27:22,767 - INFO - tqdm - accuracy: 0.9458, precision: 0.9348, recall: 0.9699, f1: 0.9520, batch_loss: 0.0583, loss: 0.1729 ||: 100%|##########| 30/30 [00:00<00:00, 1070.82it/s]
2023-08-06 22:27:22,768 - INFO - allennlp.training.callbacks.console_logger -                        Training |  Validation
2023-08-06 22:27:22,768 - INFO - allennlp.training.callbacks.console_logger - accuracy           |     0.977  |     0.946
2023-08-06 22:27:22,768 - INFO - allennlp.training.callbacks.console_logger - f1                 |     0.977  |     0.952
2023-08-06 22:27:22,768 - INFO - allennlp.training.callbacks.console_logger - loss               |     0.088  |     0.173
2023-08-06 22:27:22,768 - INFO - allennlp.training.callbacks.console_logger - precision          |     0.961  |     0.935
2023-08-06 22:27:22,768 - INFO - allennlp.training.callbacks.console_logger - recall             |     0.994  |     0.970
2023-08-06 22:27:22,768 - INFO - allennlp.training.callbacks.console_logger - worker_0_memory_MB |   404.258  |       N/A
2023-08-06 22:27:22,770 - INFO - allennlp.training.gradient_descent_trainer - Epoch duration: 0:00:00.206112
2023-08-06 22:27:22,770 - INFO - allennlp.training.gradient_descent_trainer - Estimated training time remaining: 0:00:03
2023-08-06 22:27:22,770 - INFO - allennlp.training.gradient_descent_trainer - Epoch 5/19
2023-08-06 22:27:22,770 - INFO - allennlp.training.gradient_descent_trainer - Worker 0 memory usage: 404M
2023-08-06 22:27:22,770 - INFO - allennlp.training.gradient_descent_trainer - Training
2023-08-06 22:27:22,770 - INFO - tqdm - 0%|          | 0/120 [00:00<?, ?it/s]
2023-08-06 22:27:22,972 - INFO - tqdm - accuracy: 0.9812, precision: 0.9687, recall: 0.9936, f1: 0.9810, batch_loss: 0.0191, loss: 0.0697 ||: 100%|##########| 120/120 [00:00<00:00, 595.44it/s]
2023-08-06 22:27:22,972 - INFO - allennlp.training.gradient_descent_trainer - Validating
2023-08-06 22:27:22,972 - INFO - tqdm - 0%|          | 0/30 [00:00<?, ?it/s]
2023-08-06 22:27:23,011 - INFO - tqdm - accuracy: 0.9458, precision: 0.9348, recall: 0.9699, f1: 0.9520, batch_loss: 0.0157, loss: 0.1645 ||: 100%|##########| 30/30 [00:00<00:00, 773.17it/s]
2023-08-06 22:27:23,012 - INFO - allennlp.training.callbacks.console_logger -                        Training |  Validation
2023-08-06 22:27:23,012 - INFO - allennlp.training.callbacks.console_logger - accuracy           |     0.981  |     0.946
2023-08-06 22:27:23,012 - INFO - allennlp.training.callbacks.console_logger - f1                 |     0.981  |     0.952
2023-08-06 22:27:23,012 - INFO - allennlp.training.callbacks.console_logger - loss               |     0.070  |     0.165
2023-08-06 22:27:23,012 - INFO - allennlp.training.callbacks.console_logger - precision          |     0.969  |     0.935
2023-08-06 22:27:23,012 - INFO - allennlp.training.callbacks.console_logger - recall             |     0.994  |     0.970
2023-08-06 22:27:23,012 - INFO - allennlp.training.callbacks.console_logger - worker_0_memory_MB |   404.258  |       N/A
2023-08-06 22:27:23,014 - INFO - allennlp.training.gradient_descent_trainer - Epoch duration: 0:00:00.244011
2023-08-06 22:27:23,014 - INFO - allennlp.training.gradient_descent_trainer - Estimated training time remaining: 0:00:03
2023-08-06 22:27:23,014 - INFO - allennlp.training.gradient_descent_trainer - Epoch 6/19
2023-08-06 22:27:23,014 - INFO - allennlp.training.gradient_descent_trainer - Worker 0 memory usage: 404M
2023-08-06 22:27:23,014 - INFO - allennlp.training.gradient_descent_trainer - Training
2023-08-06 22:27:23,014 - INFO - tqdm - 0%|          | 0/120 [00:00<?, ?it/s]
2023-08-06 22:27:23,234 - INFO - tqdm - accuracy: 0.9854, precision: 0.9709, recall: 1.0000, f1: 0.9852, batch_loss: 0.0071, loss: 0.0594 ||: 100%|##########| 120/120 [00:00<00:00, 547.55it/s]
2023-08-06 22:27:23,234 - INFO - allennlp.training.gradient_descent_trainer - Validating
2023-08-06 22:27:23,234 - INFO - tqdm - 0%|          | 0/30 [00:00<?, ?it/s]
2023-08-06 22:27:23,262 - INFO - tqdm - accuracy: 0.9458, precision: 0.9412, recall: 0.9624, f1: 0.9517, batch_loss: 0.1341, loss: 0.1606 ||: 100%|##########| 30/30 [00:00<00:00, 1079.77it/s]
2023-08-06 22:27:23,263 - INFO - allennlp.training.callbacks.console_logger -                        Training |  Validation
2023-08-06 22:27:23,263 - INFO - allennlp.training.callbacks.console_logger - accuracy           |     0.985  |     0.946
2023-08-06 22:27:23,263 - INFO - allennlp.training.callbacks.console_logger - f1                 |     0.985  |     0.952
2023-08-06 22:27:23,263 - INFO - allennlp.training.callbacks.console_logger - loss               |     0.059  |     0.161
2023-08-06 22:27:23,263 - INFO - allennlp.training.callbacks.console_logger - precision          |     0.971  |     0.941
2023-08-06 22:27:23,263 - INFO - allennlp.training.callbacks.console_logger - recall             |     1.000  |     0.962
2023-08-06 22:27:23,263 - INFO - allennlp.training.callbacks.console_logger - worker_0_memory_MB |   404.258  |       N/A
2023-08-06 22:27:23,265 - INFO - allennlp.training.gradient_descent_trainer - Epoch duration: 0:00:00.251032
2023-08-06 22:27:23,265 - INFO - allennlp.training.gradient_descent_trainer - Estimated training time remaining: 0:00:02
2023-08-06 22:27:23,265 - INFO - allennlp.training.gradient_descent_trainer - Epoch 7/19
2023-08-06 22:27:23,265 - INFO - allennlp.training.gradient_descent_trainer - Worker 0 memory usage: 404M
2023-08-06 22:27:23,265 - INFO - allennlp.training.gradient_descent_trainer - Training
2023-08-06 22:27:23,266 - INFO - tqdm - 0%|          | 0/120 [00:00<?, ?it/s]
2023-08-06 22:27:23,477 - INFO - tqdm - accuracy: 0.9865, precision: 0.9749, recall: 0.9979, f1: 0.9862, batch_loss: 0.0400, loss: 0.0517 ||: 100%|##########| 120/120 [00:00<00:00, 568.21it/s]
2023-08-06 22:27:23,477 - INFO - allennlp.training.gradient_descent_trainer - Validating
2023-08-06 22:27:23,478 - INFO - tqdm - 0%|          | 0/30 [00:00<?, ?it/s]
2023-08-06 22:27:23,507 - INFO - tqdm - accuracy: 0.9458, precision: 0.9348, recall: 0.9699, f1: 0.9520, batch_loss: 0.0864, loss: 0.1609 ||: 100%|##########| 30/30 [00:00<00:00, 1030.24it/s]
2023-08-06 22:27:23,507 - INFO - allennlp.training.callbacks.console_logger -                        Training |  Validation
2023-08-06 22:27:23,508 - INFO - allennlp.training.callbacks.console_logger - accuracy           |     0.986  |     0.946
2023-08-06 22:27:23,508 - INFO - allennlp.training.callbacks.console_logger - f1                 |     0.986  |     0.952
2023-08-06 22:27:23,508 - INFO - allennlp.training.callbacks.console_logger - loss               |     0.052  |     0.161
2023-08-06 22:27:23,508 - INFO - allennlp.training.callbacks.console_logger - precision          |     0.975  |     0.935
2023-08-06 22:27:23,508 - INFO - allennlp.training.callbacks.console_logger - recall             |     0.998  |     0.970
2023-08-06 22:27:23,508 - INFO - allennlp.training.callbacks.console_logger - worker_0_memory_MB |   404.258  |       N/A
2023-08-06 22:27:23,510 - INFO - allennlp.training.gradient_descent_trainer - Epoch duration: 0:00:00.244433
2023-08-06 22:27:23,510 - INFO - allennlp.training.gradient_descent_trainer - Estimated training time remaining: 0:00:02
2023-08-06 22:27:23,510 - INFO - allennlp.training.gradient_descent_trainer - Epoch 8/19
2023-08-06 22:27:23,510 - INFO - allennlp.training.gradient_descent_trainer - Worker 0 memory usage: 404M
2023-08-06 22:27:23,510 - INFO - allennlp.training.gradient_descent_trainer - Training
2023-08-06 22:27:23,510 - INFO - tqdm - 0%|          | 0/120 [00:00<?, ?it/s]
2023-08-06 22:27:23,684 - INFO - tqdm - accuracy: 0.9906, precision: 0.9831, recall: 0.9979, f1: 0.9904, batch_loss: 0.0098, loss: 0.0461 ||: 100%|##########| 120/120 [00:00<00:00, 689.77it/s]
2023-08-06 22:27:23,685 - INFO - allennlp.training.gradient_descent_trainer - Validating
2023-08-06 22:27:23,685 - INFO - tqdm - 0%|          | 0/30 [00:00<?, ?it/s]
2023-08-06 22:27:23,713 - INFO - tqdm - accuracy: 0.9500, precision: 0.9416, recall: 0.9699, f1: 0.9556, batch_loss: 0.0472, loss: 0.1560 ||: 100%|##########| 30/30 [00:00<00:00, 1078.45it/s]
2023-08-06 22:27:23,713 - INFO - allennlp.training.callbacks.console_logger -                        Training |  Validation
2023-08-06 22:27:23,713 - INFO - allennlp.training.callbacks.console_logger - accuracy           |     0.991  |     0.950
2023-08-06 22:27:23,714 - INFO - allennlp.training.callbacks.console_logger - f1                 |     0.990  |     0.956
2023-08-06 22:27:23,714 - INFO - allennlp.training.callbacks.console_logger - loss               |     0.046  |     0.156
2023-08-06 22:27:23,714 - INFO - allennlp.training.callbacks.console_logger - precision          |     0.983  |     0.942
2023-08-06 22:27:23,714 - INFO - allennlp.training.callbacks.console_logger - recall             |     0.998  |     0.970
2023-08-06 22:27:23,714 - INFO - allennlp.training.callbacks.console_logger - worker_0_memory_MB |   404.258  |       N/A
2023-08-06 22:27:23,716 - INFO - allennlp.training.gradient_descent_trainer - Epoch duration: 0:00:00.205663
2023-08-06 22:27:23,716 - INFO - allennlp.training.gradient_descent_trainer - Estimated training time remaining: 0:00:02
2023-08-06 22:27:23,716 - INFO - allennlp.training.gradient_descent_trainer - Epoch 9/19
2023-08-06 22:27:23,716 - INFO - allennlp.training.gradient_descent_trainer - Worker 0 memory usage: 404M
2023-08-06 22:27:23,716 - INFO - allennlp.training.gradient_descent_trainer - Training
2023-08-06 22:27:23,716 - INFO - tqdm - 0%|          | 0/120 [00:00<?, ?it/s]
2023-08-06 22:27:23,964 - INFO - tqdm - accuracy: 0.9896, precision: 0.9831, recall: 0.9957, f1: 0.9894, batch_loss: 0.0224, loss: 0.0422 ||: 100%|##########| 120/120 [00:00<00:00, 485.03it/s]
2023-08-06 22:27:23,964 - INFO - allennlp.training.gradient_descent_trainer - Validating
2023-08-06 22:27:23,964 - INFO - tqdm - 0%|          | 0/30 [00:00<?, ?it/s]
2023-08-06 22:27:23,990 - INFO - tqdm - accuracy: 0.9500, precision: 0.9416, recall: 0.9699, f1: 0.9556, batch_loss: 0.0344, loss: 0.1555 ||: 100%|##########| 30/30 [00:00<00:00, 1171.12it/s]
2023-08-06 22:27:23,991 - INFO - allennlp.training.callbacks.console_logger -                        Training |  Validation
2023-08-06 22:27:23,991 - INFO - allennlp.training.callbacks.console_logger - accuracy           |     0.990  |     0.950
2023-08-06 22:27:23,991 - INFO - allennlp.training.callbacks.console_logger - f1                 |     0.989  |     0.956
2023-08-06 22:27:23,991 - INFO - allennlp.training.callbacks.console_logger - loss               |     0.042  |     0.156
2023-08-06 22:27:23,991 - INFO - allennlp.training.callbacks.console_logger - precision          |     0.983  |     0.942
2023-08-06 22:27:23,991 - INFO - allennlp.training.callbacks.console_logger - recall             |     0.996  |     0.970
2023-08-06 22:27:23,991 - INFO - allennlp.training.callbacks.console_logger - worker_0_memory_MB |   404.258  |       N/A
2023-08-06 22:27:23,993 - INFO - allennlp.training.gradient_descent_trainer - Epoch duration: 0:00:00.276969
2023-08-06 22:27:23,993 - INFO - allennlp.training.gradient_descent_trainer - Estimated training time remaining: 0:00:02
2023-08-06 22:27:23,993 - INFO - allennlp.training.gradient_descent_trainer - Epoch 10/19
2023-08-06 22:27:23,993 - INFO - allennlp.training.gradient_descent_trainer - Worker 0 memory usage: 404M
2023-08-06 22:27:23,993 - INFO - allennlp.training.gradient_descent_trainer - Training
2023-08-06 22:27:23,993 - INFO - tqdm - 0%|          | 0/120 [00:00<?, ?it/s]
2023-08-06 22:27:24,168 - INFO - tqdm - accuracy: 0.9906, precision: 0.9831, recall: 0.9979, f1: 0.9904, batch_loss: 0.0148, loss: 0.0402 ||: 100%|##########| 120/120 [00:00<00:00, 689.69it/s]
2023-08-06 22:27:24,168 - INFO - allennlp.training.gradient_descent_trainer - Validating
2023-08-06 22:27:24,168 - INFO - tqdm - 0%|          | 0/30 [00:00<?, ?it/s]
2023-08-06 22:27:24,193 - INFO - tqdm - accuracy: 0.9500, precision: 0.9416, recall: 0.9699, f1: 0.9556, batch_loss: 0.5629, loss: 0.1579 ||: 100%|##########| 30/30 [00:00<00:00, 1201.69it/s]
2023-08-06 22:27:24,193 - INFO - allennlp.training.callbacks.console_logger -                        Training |  Validation
2023-08-06 22:27:24,194 - INFO - allennlp.training.callbacks.console_logger - accuracy           |     0.991  |     0.950
2023-08-06 22:27:24,194 - INFO - allennlp.training.callbacks.console_logger - f1                 |     0.990  |     0.956
2023-08-06 22:27:24,194 - INFO - allennlp.training.callbacks.console_logger - loss               |     0.040  |     0.158
2023-08-06 22:27:24,194 - INFO - allennlp.training.callbacks.console_logger - precision          |     0.983  |     0.942
2023-08-06 22:27:24,194 - INFO - allennlp.training.callbacks.console_logger - recall             |     0.998  |     0.970
2023-08-06 22:27:24,194 - INFO - allennlp.training.callbacks.console_logger - worker_0_memory_MB |   404.258  |       N/A
2023-08-06 22:27:24,196 - INFO - allennlp.training.gradient_descent_trainer - Epoch duration: 0:00:00.202679
2023-08-06 22:27:24,196 - INFO - allennlp.training.gradient_descent_trainer - Estimated training time remaining: 0:00:02
2023-08-06 22:27:24,196 - INFO - allennlp.training.gradient_descent_trainer - Epoch 11/19
2023-08-06 22:27:24,196 - INFO - allennlp.training.gradient_descent_trainer - Worker 0 memory usage: 404M
2023-08-06 22:27:24,196 - INFO - allennlp.training.gradient_descent_trainer - Training
2023-08-06 22:27:24,196 - INFO - tqdm - 0%|          | 0/120 [00:00<?, ?it/s]
2023-08-06 22:27:24,374 - INFO - tqdm - accuracy: 0.9906, precision: 0.9831, recall: 0.9979, f1: 0.9904, batch_loss: 0.0019, loss: 0.0360 ||: 100%|##########| 120/120 [00:00<00:00, 675.26it/s]
2023-08-06 22:27:24,374 - INFO - allennlp.training.gradient_descent_trainer - Validating
2023-08-06 22:27:24,375 - INFO - tqdm - 0%|          | 0/30 [00:00<?, ?it/s]
2023-08-06 22:27:24,401 - INFO - tqdm - accuracy: 0.9458, precision: 0.9412, recall: 0.9624, f1: 0.9517, batch_loss: 0.0264, loss: 0.1562 ||: 100%|##########| 30/30 [00:00<00:00, 1159.75it/s]
2023-08-06 22:27:24,401 - INFO - allennlp.training.callbacks.console_logger -                        Training |  Validation
2023-08-06 22:27:24,401 - INFO - allennlp.training.callbacks.console_logger - accuracy           |     0.991  |     0.946
2023-08-06 22:27:24,401 - INFO - allennlp.training.callbacks.console_logger - f1                 |     0.990  |     0.952
2023-08-06 22:27:24,401 - INFO - allennlp.training.callbacks.console_logger - loss               |     0.036  |     0.156
2023-08-06 22:27:24,401 - INFO - allennlp.training.callbacks.console_logger - precision          |     0.983  |     0.941
2023-08-06 22:27:24,401 - INFO - allennlp.training.callbacks.console_logger - recall             |     0.998  |     0.962
2023-08-06 22:27:24,401 - INFO - allennlp.training.callbacks.console_logger - worker_0_memory_MB |   404.258  |       N/A
2023-08-06 22:27:24,403 - INFO - allennlp.training.gradient_descent_trainer - Epoch duration: 0:00:00.207293
2023-08-06 22:27:24,403 - INFO - allennlp.training.gradient_descent_trainer - Estimated training time remaining: 0:00:01
2023-08-06 22:27:24,403 - INFO - allennlp.training.gradient_descent_trainer - Epoch 12/19
2023-08-06 22:27:24,403 - INFO - allennlp.training.gradient_descent_trainer - Worker 0 memory usage: 404M
2023-08-06 22:27:24,404 - INFO - allennlp.training.gradient_descent_trainer - Training
2023-08-06 22:27:24,404 - INFO - tqdm - 0%|          | 0/120 [00:00<?, ?it/s]
2023-08-06 22:27:24,581 - INFO - tqdm - accuracy: 0.9906, precision: 0.9831, recall: 0.9979, f1: 0.9904, batch_loss: 0.0023, loss: 0.0348 ||: 100%|##########| 120/120 [00:00<00:00, 677.86it/s]
2023-08-06 22:27:24,581 - INFO - allennlp.training.gradient_descent_trainer - Validating
2023-08-06 22:27:24,581 - INFO - tqdm - 0%|          | 0/30 [00:00<?, ?it/s]
2023-08-06 22:27:25,043 - INFO - tqdm - accuracy: 0.9500, precision: 0.9416, recall: 0.9699, f1: 0.9556, batch_loss: 0.2818, loss: 0.1580 ||: 100%|##########| 30/30 [00:00<00:00, 65.01it/s]
2023-08-06 22:27:25,043 - INFO - allennlp.training.callbacks.console_logger -                        Training |  Validation
2023-08-06 22:27:25,044 - INFO - allennlp.training.callbacks.console_logger - accuracy           |     0.991  |     0.950
2023-08-06 22:27:25,044 - INFO - allennlp.training.callbacks.console_logger - f1                 |     0.990  |     0.956
2023-08-06 22:27:25,044 - INFO - allennlp.training.callbacks.console_logger - loss               |     0.035  |     0.158
2023-08-06 22:27:25,044 - INFO - allennlp.training.callbacks.console_logger - precision          |     0.983  |     0.942
2023-08-06 22:27:25,044 - INFO - allennlp.training.callbacks.console_logger - recall             |     0.998  |     0.970
2023-08-06 22:27:25,044 - INFO - allennlp.training.callbacks.console_logger - worker_0_memory_MB |   404.258  |       N/A
2023-08-06 22:27:25,046 - INFO - allennlp.training.gradient_descent_trainer - Epoch duration: 0:00:00.642440
2023-08-06 22:27:25,046 - INFO - allennlp.training.gradient_descent_trainer - Estimated training time remaining: 0:00:01
2023-08-06 22:27:25,046 - INFO - allennlp.training.gradient_descent_trainer - Epoch 13/19
2023-08-06 22:27:25,046 - INFO - allennlp.training.gradient_descent_trainer - Worker 0 memory usage: 404M
2023-08-06 22:27:25,046 - INFO - allennlp.training.gradient_descent_trainer - Training
2023-08-06 22:27:25,046 - INFO - tqdm - 0%|          | 0/120 [00:00<?, ?it/s]
2023-08-06 22:27:28,071 - INFO - tqdm - accuracy: 0.9917, precision: 0.9832, recall: 1.0000, f1: 0.9915, batch_loss: 0.0076, loss: 0.0335 ||: 100%|##########| 120/120 [00:03<00:00, 39.68it/s]
2023-08-06 22:27:28,071 - INFO - allennlp.training.gradient_descent_trainer - Validating
2023-08-06 22:27:28,072 - INFO - tqdm - 0%|          | 0/30 [00:00<?, ?it/s]
2023-08-06 22:27:28,122 - INFO - tqdm - accuracy: 0.9458, precision: 0.9412, recall: 0.9624, f1: 0.9517, batch_loss: 0.1385, loss: 0.1590 ||: 100%|##########| 30/30 [00:00<00:00, 595.10it/s]
2023-08-06 22:27:28,123 - INFO - allennlp.training.callbacks.console_logger -                        Training |  Validation
2023-08-06 22:27:28,123 - INFO - allennlp.training.callbacks.console_logger - accuracy           |     0.992  |     0.946
2023-08-06 22:27:28,123 - INFO - allennlp.training.callbacks.console_logger - f1                 |     0.992  |     0.952
2023-08-06 22:27:28,123 - INFO - allennlp.training.callbacks.console_logger - loss               |     0.033  |     0.159
2023-08-06 22:27:28,123 - INFO - allennlp.training.callbacks.console_logger - precision          |     0.983  |     0.941
2023-08-06 22:27:28,123 - INFO - allennlp.training.callbacks.console_logger - recall             |     1.000  |     0.962
2023-08-06 22:27:28,123 - INFO - allennlp.training.callbacks.console_logger - worker_0_memory_MB |   404.258  |       N/A
2023-08-06 22:27:28,125 - INFO - allennlp.training.gradient_descent_trainer - Epoch duration: 0:00:03.078703
2023-08-06 22:27:28,125 - INFO - allennlp.training.gradient_descent_trainer - Estimated training time remaining: 0:00:02
2023-08-06 22:27:28,125 - INFO - allennlp.training.gradient_descent_trainer - Epoch 14/19
2023-08-06 22:27:28,125 - INFO - allennlp.training.gradient_descent_trainer - Worker 0 memory usage: 404M
2023-08-06 22:27:28,125 - INFO - allennlp.training.gradient_descent_trainer - Training
2023-08-06 22:27:28,125 - INFO - tqdm - 0%|          | 0/120 [00:00<?, ?it/s]
2023-08-06 22:27:28,540 - INFO - tqdm - accuracy: 0.9896, precision: 0.9872, recall: 0.9914, f1: 0.9893, batch_loss: 0.0038, loss: 0.0326 ||: 100%|##########| 120/120 [00:00<00:00, 289.57it/s]
2023-08-06 22:27:28,540 - INFO - allennlp.training.gradient_descent_trainer - Validating
2023-08-06 22:27:28,540 - INFO - tqdm - 0%|          | 0/30 [00:00<?, ?it/s]
2023-08-06 22:27:28,601 - INFO - tqdm - accuracy: 0.9500, precision: 0.9416, recall: 0.9699, f1: 0.9556, batch_loss: 0.3237, loss: 0.1659 ||: 100%|##########| 30/30 [00:00<00:00, 497.71it/s]
2023-08-06 22:27:28,601 - INFO - allennlp.training.callbacks.console_logger -                        Training |  Validation
2023-08-06 22:27:28,601 - INFO - allennlp.training.callbacks.console_logger - accuracy           |     0.990  |     0.950
2023-08-06 22:27:28,601 - INFO - allennlp.training.callbacks.console_logger - f1                 |     0.989  |     0.956
2023-08-06 22:27:28,601 - INFO - allennlp.training.callbacks.console_logger - loss               |     0.033  |     0.166
2023-08-06 22:27:28,602 - INFO - allennlp.training.callbacks.console_logger - precision          |     0.987  |     0.942
2023-08-06 22:27:28,602 - INFO - allennlp.training.callbacks.console_logger - recall             |     0.991  |     0.970
2023-08-06 22:27:28,602 - INFO - allennlp.training.callbacks.console_logger - worker_0_memory_MB |   404.258  |       N/A
2023-08-06 22:27:28,603 - INFO - allennlp.training.gradient_descent_trainer - Epoch duration: 0:00:00.478528
2023-08-06 22:27:28,604 - INFO - allennlp.training.gradient_descent_trainer - Estimated training time remaining: 0:00:02
2023-08-06 22:27:28,604 - INFO - allennlp.training.gradient_descent_trainer - Epoch 15/19
2023-08-06 22:27:28,604 - INFO - allennlp.training.gradient_descent_trainer - Worker 0 memory usage: 404M
2023-08-06 22:27:28,604 - INFO - allennlp.training.gradient_descent_trainer - Training
2023-08-06 22:27:28,604 - INFO - tqdm - 0%|          | 0/120 [00:00<?, ?it/s]
2023-08-06 22:27:29,244 - INFO - tqdm - accuracy: 0.9906, precision: 0.9831, recall: 0.9979, f1: 0.9904, batch_loss: 0.0010, loss: 0.0320 ||: 100%|##########| 120/120 [00:00<00:00, 187.51it/s]
2023-08-06 22:27:29,244 - INFO - allennlp.training.gradient_descent_trainer - Validating
2023-08-06 22:27:29,245 - INFO - tqdm - 0%|          | 0/30 [00:00<?, ?it/s]
2023-08-06 22:27:29,275 - INFO - tqdm - accuracy: 0.9500, precision: 0.9416, recall: 0.9699, f1: 0.9556, batch_loss: 0.3197, loss: 0.1653 ||: 100%|##########| 30/30 [00:00<00:00, 990.20it/s]
2023-08-06 22:27:29,275 - INFO - allennlp.training.callbacks.console_logger -                        Training |  Validation
2023-08-06 22:27:29,276 - INFO - allennlp.training.callbacks.console_logger - accuracy           |     0.991  |     0.950
2023-08-06 22:27:29,276 - INFO - allennlp.training.callbacks.console_logger - f1                 |     0.990  |     0.956
2023-08-06 22:27:29,276 - INFO - allennlp.training.callbacks.console_logger - loss               |     0.032  |     0.165
2023-08-06 22:27:29,276 - INFO - allennlp.training.callbacks.console_logger - precision          |     0.983  |     0.942
2023-08-06 22:27:29,276 - INFO - allennlp.training.callbacks.console_logger - recall             |     0.998  |     0.970
2023-08-06 22:27:29,276 - INFO - allennlp.training.callbacks.console_logger - worker_0_memory_MB |   404.258  |       N/A
2023-08-06 22:27:29,278 - INFO - allennlp.training.gradient_descent_trainer - Epoch duration: 0:00:00.674022
2023-08-06 22:27:29,278 - INFO - allennlp.training.gradient_descent_trainer - Estimated training time remaining: 0:00:01
2023-08-06 22:27:29,278 - INFO - allennlp.training.gradient_descent_trainer - Epoch 16/19
2023-08-06 22:27:29,278 - INFO - allennlp.training.gradient_descent_trainer - Worker 0 memory usage: 404M
2023-08-06 22:27:29,278 - INFO - allennlp.training.gradient_descent_trainer - Training
2023-08-06 22:27:29,278 - INFO - tqdm - 0%|          | 0/120 [00:00<?, ?it/s]
2023-08-06 22:27:29,472 - INFO - tqdm - accuracy: 0.9906, precision: 0.9831, recall: 0.9979, f1: 0.9904, batch_loss: 0.1931, loss: 0.0294 ||: 100%|##########| 120/120 [00:00<00:00, 621.25it/s]
2023-08-06 22:27:29,472 - INFO - allennlp.training.gradient_descent_trainer - Validating
2023-08-06 22:27:29,472 - INFO - tqdm - 0%|          | 0/30 [00:00<?, ?it/s]
2023-08-06 22:27:29,497 - INFO - tqdm - accuracy: 0.9458, precision: 0.9412, recall: 0.9624, f1: 0.9517, batch_loss: 0.0364, loss: 0.1639 ||: 100%|##########| 30/30 [00:00<00:00, 1217.12it/s]
2023-08-06 22:27:29,497 - INFO - allennlp.training.callbacks.console_logger -                        Training |  Validation
2023-08-06 22:27:29,497 - INFO - allennlp.training.callbacks.console_logger - accuracy           |     0.991  |     0.946
2023-08-06 22:27:29,497 - INFO - allennlp.training.callbacks.console_logger - f1                 |     0.990  |     0.952
2023-08-06 22:27:29,498 - INFO - allennlp.training.callbacks.console_logger - loss               |     0.029  |     0.164
2023-08-06 22:27:29,498 - INFO - allennlp.training.callbacks.console_logger - precision          |     0.983  |     0.941
2023-08-06 22:27:29,498 - INFO - allennlp.training.callbacks.console_logger - recall             |     0.998  |     0.962
2023-08-06 22:27:29,498 - INFO - allennlp.training.callbacks.console_logger - worker_0_memory_MB |   404.258  |       N/A
2023-08-06 22:27:29,499 - INFO - allennlp.training.gradient_descent_trainer - Epoch duration: 0:00:00.221569
2023-08-06 22:27:29,500 - INFO - allennlp.training.gradient_descent_trainer - Estimated training time remaining: 0:00:01
2023-08-06 22:27:29,500 - INFO - allennlp.training.gradient_descent_trainer - Epoch 17/19
2023-08-06 22:27:29,500 - INFO - allennlp.training.gradient_descent_trainer - Worker 0 memory usage: 404M
2023-08-06 22:27:29,500 - INFO - allennlp.training.gradient_descent_trainer - Training
2023-08-06 22:27:29,500 - INFO - tqdm - 0%|          | 0/120 [00:00<?, ?it/s]
2023-08-06 22:27:29,683 - INFO - tqdm - accuracy: 0.9906, precision: 0.9852, recall: 0.9957, f1: 0.9904, batch_loss: 0.0052, loss: 0.0294 ||: 100%|##########| 120/120 [00:00<00:00, 655.20it/s]
2023-08-06 22:27:29,684 - INFO - allennlp.training.gradient_descent_trainer - Validating
2023-08-06 22:27:29,684 - INFO - tqdm - 0%|          | 0/30 [00:00<?, ?it/s]
2023-08-06 22:27:29,711 - INFO - tqdm - accuracy: 0.9500, precision: 0.9416, recall: 0.9699, f1: 0.9556, batch_loss: 0.0721, loss: 0.1627 ||: 100%|##########| 30/30 [00:00<00:00, 1105.36it/s]
2023-08-06 22:27:29,712 - INFO - allennlp.training.callbacks.console_logger -                        Training |  Validation
2023-08-06 22:27:29,712 - INFO - allennlp.training.callbacks.console_logger - accuracy           |     0.991  |     0.950
2023-08-06 22:27:29,712 - INFO - allennlp.training.callbacks.console_logger - f1                 |     0.990  |     0.956
2023-08-06 22:27:29,712 - INFO - allennlp.training.callbacks.console_logger - loss               |     0.029  |     0.163
2023-08-06 22:27:29,712 - INFO - allennlp.training.callbacks.console_logger - precision          |     0.985  |     0.942
2023-08-06 22:27:29,712 - INFO - allennlp.training.callbacks.console_logger - recall             |     0.996  |     0.970
2023-08-06 22:27:29,712 - INFO - allennlp.training.callbacks.console_logger - worker_0_memory_MB |   404.258  |       N/A
2023-08-06 22:27:29,714 - INFO - allennlp.training.gradient_descent_trainer - Epoch duration: 0:00:00.214089
2023-08-06 22:27:29,714 - INFO - allennlp.training.gradient_descent_trainer - Estimated training time remaining: 0:00:00
2023-08-06 22:27:29,714 - INFO - allennlp.training.gradient_descent_trainer - Epoch 18/19
2023-08-06 22:27:29,714 - INFO - allennlp.training.gradient_descent_trainer - Worker 0 memory usage: 404M
2023-08-06 22:27:29,714 - INFO - allennlp.training.gradient_descent_trainer - Training
2023-08-06 22:27:29,714 - INFO - tqdm - 0%|          | 0/120 [00:00<?, ?it/s]
2023-08-06 22:27:30,048 - INFO - tqdm - accuracy: 0.9896, precision: 0.9831, recall: 0.9957, f1: 0.9894, batch_loss: 0.0042, loss: 0.0297 ||: 100%|##########| 120/120 [00:00<00:00, 360.12it/s]
2023-08-06 22:27:30,048 - INFO - allennlp.training.gradient_descent_trainer - Validating
2023-08-06 22:27:30,048 - INFO - tqdm - 0%|          | 0/30 [00:00<?, ?it/s]
2023-08-06 22:27:30,082 - INFO - tqdm - accuracy: 0.9500, precision: 0.9416, recall: 0.9699, f1: 0.9556, batch_loss: 0.1669, loss: 0.1667 ||: 100%|##########| 30/30 [00:00<00:00, 894.18it/s]
2023-08-06 22:27:30,082 - INFO - allennlp.training.callbacks.console_logger -                        Training |  Validation
2023-08-06 22:27:30,082 - INFO - allennlp.training.callbacks.console_logger - accuracy           |     0.990  |     0.950
2023-08-06 22:27:30,083 - INFO - allennlp.training.callbacks.console_logger - f1                 |     0.989  |     0.956
2023-08-06 22:27:30,083 - INFO - allennlp.training.callbacks.console_logger - loss               |     0.030  |     0.167
2023-08-06 22:27:30,083 - INFO - allennlp.training.callbacks.console_logger - precision          |     0.983  |     0.942
2023-08-06 22:27:30,083 - INFO - allennlp.training.callbacks.console_logger - recall             |     0.996  |     0.970
2023-08-06 22:27:30,083 - INFO - allennlp.training.callbacks.console_logger - worker_0_memory_MB |   404.258  |       N/A
2023-08-06 22:27:30,085 - INFO - allennlp.training.gradient_descent_trainer - Epoch duration: 0:00:00.370549
2023-08-06 22:27:30,085 - INFO - allennlp.training.gradient_descent_trainer - Estimated training time remaining: 0:00:00
2023-08-06 22:27:30,085 - INFO - allennlp.training.gradient_descent_trainer - Epoch 19/19
2023-08-06 22:27:30,085 - INFO - allennlp.training.gradient_descent_trainer - Worker 0 memory usage: 404M
2023-08-06 22:27:30,085 - INFO - allennlp.training.gradient_descent_trainer - Training
2023-08-06 22:27:30,085 - INFO - tqdm - 0%|          | 0/120 [00:00<?, ?it/s]
2023-08-06 22:27:30,244 - INFO - tqdm - accuracy: 0.9896, precision: 0.9831, recall: 0.9957, f1: 0.9894, batch_loss: 0.0033, loss: 0.0304 ||: 100%|##########| 120/120 [00:00<00:00, 758.06it/s]
2023-08-06 22:27:30,244 - INFO - allennlp.training.gradient_descent_trainer - Validating
2023-08-06 22:27:30,244 - INFO - tqdm - 0%|          | 0/30 [00:00<?, ?it/s]
2023-08-06 22:27:30,283 - INFO - tqdm - accuracy: 0.9458, precision: 0.9412, recall: 0.9624, f1: 0.9517, batch_loss: 0.0608, loss: 0.1683 ||: 100%|##########| 30/30 [00:00<00:00, 777.48it/s]
2023-08-06 22:27:30,283 - INFO - allennlp.training.callbacks.console_logger -                        Training |  Validation
2023-08-06 22:27:30,283 - INFO - allennlp.training.callbacks.console_logger - accuracy           |     0.990  |     0.946
2023-08-06 22:27:30,283 - INFO - allennlp.training.callbacks.console_logger - f1                 |     0.989  |     0.952
2023-08-06 22:27:30,283 - INFO - allennlp.training.callbacks.console_logger - loss               |     0.030  |     0.168
2023-08-06 22:27:30,284 - INFO - allennlp.training.callbacks.console_logger - precision          |     0.983  |     0.941
2023-08-06 22:27:30,284 - INFO - allennlp.training.callbacks.console_logger - recall             |     0.996  |     0.962
2023-08-06 22:27:30,284 - INFO - allennlp.training.callbacks.console_logger - worker_0_memory_MB |   404.258  |       N/A
2023-08-06 22:27:30,285 - INFO - allennlp.training.gradient_descent_trainer - Epoch duration: 0:00:00.200635
2023-08-06 22:27:30,286 - INFO - allennlp.common.util - Metrics: {
  "best_epoch": 9,
  "peak_worker_0_memory_MB": 404.2578125,
  "training_duration": "0:00:08.580891",
  "epoch": 19,
  "training_accuracy": 0.9895833333333334,
  "training_precision": 0.9830867052078247,
  "training_recall": 0.9957173466682434,
  "training_f1": 0.9893616437911987,
  "training_loss": 0.030350319389071956,
  "training_worker_0_memory_MB": 404.2578125,
  "validation_accuracy": 0.9458333333333333,
  "validation_precision": 0.9411764740943909,
  "validation_recall": 0.9624060392379761,
  "validation_f1": 0.9516728520393372,
  "validation_loss": 0.16829875169011455,
  "best_validation_accuracy": 0.95,
  "best_validation_precision": 0.9416058659553528,
  "best_validation_recall": 0.969924807548523,
  "best_validation_f1": 0.9555554986000061,
  "best_validation_loss": 0.15550237937519948
}
2023-08-06 22:27:30,287 - INFO - allennlp.models.archival - archiving weights and vocabulary to model/model.tar.gz
